[0.375s] Invoking command in '/home/ubuntu/JK/ASU_Classes/MAE547/Project_ws/build/robot_model': CMAKE_PREFIX_PATH=${CMAKE_PREFIX_PATH}:/home/ubuntu/ros2_cws/install/test_py:/home/ubuntu/ros2_cws/install/my_py_pkg:/home/ubuntu/JK/ASU_Classes/MAE547/Project_ws/install/robot_controls:/opt/ros/humble /usr/bin/cmake --build /home/ubuntu/JK/ASU_Classes/MAE547/Project_ws/build/robot_model -- -j12 -l12
[0.596s] -- Found ament_cmake: 1.3.5 (/opt/ros/humble/share/ament_cmake/cmake)
[8.849s] -- Found rclcpp: 16.0.6 (/opt/ros/humble/share/rclcpp/cmake)
[9.076s] -- Found rosidl_generator_c: 3.1.5 (/opt/ros/humble/share/rosidl_generator_c/cmake)
[9.094s] -- Found rosidl_adapter: 3.1.5 (/opt/ros/humble/share/rosidl_adapter/cmake)
[9.118s] -- Found rosidl_generator_cpp: 3.1.5 (/opt/ros/humble/share/rosidl_generator_cpp/cmake)
[9.158s] -- Using all available rosidl_typesupport_c: rosidl_typesupport_fastrtps_c;rosidl_typesupport_introspection_c
[9.203s] -- Using all available rosidl_typesupport_cpp: rosidl_typesupport_fastrtps_cpp;rosidl_typesupport_introspection_cpp
[9.330s] -- Found rmw_implementation_cmake: 6.1.1 (/opt/ros/humble/share/rmw_implementation_cmake/cmake)
[9.339s] -- Found rmw_fastrtps_cpp: 6.2.4 (/opt/ros/humble/share/rmw_fastrtps_cpp/cmake)
[9.521s] -- Using RMW implementation 'rmw_fastrtps_cpp' as default
[9.729s] -- Found ament_lint_auto: 0.12.8 (/opt/ros/humble/share/ament_lint_auto/cmake)
[9.823s] -- Added test 'flake8' to check Python code syntax and style conventions
[9.825s] -- Added test 'lint_cmake' to check CMake code style
[9.826s] -- Added test 'pep257' to check Python code against some of the docstring style conventions in PEP 257
[9.831s] -- Added test 'xmllint' to check XML markup files
[9.838s] -- Configuring done
[9.866s] -- Generating done
[9.868s] -- Build files have been written to: /home/ubuntu/JK/ASU_Classes/MAE547/Project_ws/build/robot_model
[9.890s] Invoked command in '/home/ubuntu/JK/ASU_Classes/MAE547/Project_ws/build/robot_model' returned '0': CMAKE_PREFIX_PATH=${CMAKE_PREFIX_PATH}:/home/ubuntu/ros2_cws/install/test_py:/home/ubuntu/ros2_cws/install/my_py_pkg:/home/ubuntu/JK/ASU_Classes/MAE547/Project_ws/install/robot_controls:/opt/ros/humble /usr/bin/cmake --build /home/ubuntu/JK/ASU_Classes/MAE547/Project_ws/build/robot_model -- -j12 -l12
[9.907s] Invoking command in '/home/ubuntu/JK/ASU_Classes/MAE547/Project_ws/build/robot_model': CMAKE_PREFIX_PATH=${CMAKE_PREFIX_PATH}:/home/ubuntu/ros2_cws/install/test_py:/home/ubuntu/ros2_cws/install/my_py_pkg:/home/ubuntu/JK/ASU_Classes/MAE547/Project_ws/install/robot_controls:/opt/ros/humble /usr/bin/cmake --install /home/ubuntu/JK/ASU_Classes/MAE547/Project_ws/build/robot_model
[9.910s] -- Install configuration: ""
[9.910s] -- Up-to-date: /home/ubuntu/JK/ASU_Classes/MAE547/Project_ws/install/robot_model/share/robot_model/launch
[9.912s] -- Up-to-date: /home/ubuntu/JK/ASU_Classes/MAE547/Project_ws/install/robot_model/share/robot_model/launch/view_robot_model.launch.py
[9.912s] -- Up-to-date: /home/ubuntu/JK/ASU_Classes/MAE547/Project_ws/install/robot_model/share/robot_model/urdf
[9.913s] -- Up-to-date: /home/ubuntu/JK/ASU_Classes/MAE547/Project_ws/install/robot_model/share/robot_model/urdf/Project_model.urdf
[9.913s] -- Up-to-date: /home/ubuntu/JK/ASU_Classes/MAE547/Project_ws/install/robot_model/share/robot_model/urdf/biped.urdf
[9.913s] -- Up-to-date: /home/ubuntu/JK/ASU_Classes/MAE547/Project_ws/install/robot_model/share/robot_model/urdf/project_model.urdf.xacro
[9.913s] -- Installing: /home/ubuntu/JK/ASU_Classes/MAE547/Project_ws/install/robot_model/share/robot_model/urdf/biped_leg_assembly.urdf
[9.914s] -- Up-to-date: /home/ubuntu/JK/ASU_Classes/MAE547/Project_ws/install/robot_model/share/robot_model/urdf/biped_1.urdf
[9.914s] -- Installing: /home/ubuntu/JK/ASU_Classes/MAE547/Project_ws/install/robot_model/share/robot_model/meshes
[9.914s] -- Installing: /home/ubuntu/JK/ASU_Classes/MAE547/Project_ws/install/robot_model/share/robot_model/meshes/lowerleg.dae
[9.915s] -- Installing: /home/ubuntu/JK/ASU_Classes/MAE547/Project_ws/install/robot_model/share/robot_model/meshes/left_foot_link.STL
[9.916s] -- Installing: /home/ubuntu/JK/ASU_Classes/MAE547/Project_ws/install/robot_model/share/robot_model/meshes/hipassembly.dae
[9.917s] -- Installing: /home/ubuntu/JK/ASU_Classes/MAE547/Project_ws/install/robot_model/share/robot_model/meshes/right_foot_link.STL
[9.918s] -- Installing: /home/ubuntu/JK/ASU_Classes/MAE547/Project_ws/install/robot_model/share/robot_model/meshes/left_lower_leg_link.STL
[9.918s] -- Installing: /home/ubuntu/JK/ASU_Classes/MAE547/Project_ws/install/robot_model/share/robot_model/meshes/Right_upper_leg_link.STL
[9.918s] -- Installing: /home/ubuntu/JK/ASU_Classes/MAE547/Project_ws/install/robot_model/share/robot_model/meshes/base_link.STL
[9.920s] -- Installing: /home/ubuntu/JK/ASU_Classes/MAE547/Project_ws/install/robot_model/share/robot_model/meshes/upperleg.dae
[9.921s] -- Installing: /home/ubuntu/JK/ASU_Classes/MAE547/Project_ws/install/robot_model/share/robot_model/meshes/right_lower_leg_link.STL
[9.921s] -- Installing: /home/ubuntu/JK/ASU_Classes/MAE547/Project_ws/install/robot_model/share/robot_model/meshes/left_upper_leg_link.STL
[9.922s] -- Up-to-date: /home/ubuntu/JK/ASU_Classes/MAE547/Project_ws/install/robot_model/share/ament_index/resource_index/package_run_dependencies/robot_model
[9.923s] -- Installing: /home/ubuntu/JK/ASU_Classes/MAE547/Project_ws/install/robot_model/share/ament_index/resource_index/parent_prefix_path/robot_model
[9.923s] -- Up-to-date: /home/ubuntu/JK/ASU_Classes/MAE547/Project_ws/install/robot_model/share/robot_model/environment/ament_prefix_path.sh
[9.923s] -- Installing: /home/ubuntu/JK/ASU_Classes/MAE547/Project_ws/install/robot_model/share/robot_model/environment/ament_prefix_path.dsv
[9.923s] -- Up-to-date: /home/ubuntu/JK/ASU_Classes/MAE547/Project_ws/install/robot_model/share/robot_model/environment/path.sh
[9.923s] -- Installing: /home/ubuntu/JK/ASU_Classes/MAE547/Project_ws/install/robot_model/share/robot_model/environment/path.dsv
[9.923s] -- Up-to-date: /home/ubuntu/JK/ASU_Classes/MAE547/Project_ws/install/robot_model/share/robot_model/local_setup.bash
[9.923s] -- Up-to-date: /home/ubuntu/JK/ASU_Classes/MAE547/Project_ws/install/robot_model/share/robot_model/local_setup.sh
[9.923s] -- Up-to-date: /home/ubuntu/JK/ASU_Classes/MAE547/Project_ws/install/robot_model/share/robot_model/local_setup.zsh
[9.923s] -- Installing: /home/ubuntu/JK/ASU_Classes/MAE547/Project_ws/install/robot_model/share/robot_model/local_setup.dsv
[9.923s] -- Installing: /home/ubuntu/JK/ASU_Classes/MAE547/Project_ws/install/robot_model/share/robot_model/package.dsv
[9.924s] -- Up-to-date: /home/ubuntu/JK/ASU_Classes/MAE547/Project_ws/install/robot_model/share/ament_index/resource_index/packages/robot_model
[9.925s] -- Up-to-date: /home/ubuntu/JK/ASU_Classes/MAE547/Project_ws/install/robot_model/share/robot_model/cmake/robot_modelConfig.cmake
[9.925s] -- Up-to-date: /home/ubuntu/JK/ASU_Classes/MAE547/Project_ws/install/robot_model/share/robot_model/cmake/robot_modelConfig-version.cmake
[9.925s] -- Up-to-date: /home/ubuntu/JK/ASU_Classes/MAE547/Project_ws/install/robot_model/share/robot_model/package.xml
[9.926s] Invoked command in '/home/ubuntu/JK/ASU_Classes/MAE547/Project_ws/build/robot_model' returned '0': CMAKE_PREFIX_PATH=${CMAKE_PREFIX_PATH}:/home/ubuntu/ros2_cws/install/test_py:/home/ubuntu/ros2_cws/install/my_py_pkg:/home/ubuntu/JK/ASU_Classes/MAE547/Project_ws/install/robot_controls:/opt/ros/humble /usr/bin/cmake --install /home/ubuntu/JK/ASU_Classes/MAE547/Project_ws/build/robot_model
