[0.922s] Invoking command in '/home/ubuntu/JK/ASU_Classes/MAE547/Project_ws/src/robot_controls': PYTHONPATH=/home/ubuntu/JK/ASU_Classes/MAE547/Project_ws/build/robot_controls/prefix_override:/home/ubuntu/JK/ASU_Classes/MAE547/Project_ws/install/robot_controls/lib/python3.10/site-packages:${PYTHONPATH} /usr/bin/python3 setup.py egg_info --egg-base ../../build/robot_controls build --build-base /home/ubuntu/JK/ASU_Classes/MAE547/Project_ws/build/robot_controls/build install --record /home/ubuntu/JK/ASU_Classes/MAE547/Project_ws/build/robot_controls/install.log --single-version-externally-managed
[1.119s] running egg_info
[1.120s] writing ../../build/robot_controls/robot_controls.egg-info/PKG-INFO
[1.121s] writing dependency_links to ../../build/robot_controls/robot_controls.egg-info/dependency_links.txt
[1.121s] writing entry points to ../../build/robot_controls/robot_controls.egg-info/entry_points.txt
[1.121s] writing requirements to ../../build/robot_controls/robot_controls.egg-info/requires.txt
[1.121s] writing top-level names to ../../build/robot_controls/robot_controls.egg-info/top_level.txt
[1.123s] reading manifest file '../../build/robot_controls/robot_controls.egg-info/SOURCES.txt'
[1.125s] writing manifest file '../../build/robot_controls/robot_controls.egg-info/SOURCES.txt'
[1.125s] running build
[1.125s] running build_py
[1.127s] running install
[1.127s] running install_lib
[1.129s] running install_data
[1.130s] running install_egg_info
[1.132s] removing '/home/ubuntu/JK/ASU_Classes/MAE547/Project_ws/install/robot_controls/lib/python3.10/site-packages/robot_controls-0.0.0-py3.10.egg-info' (and everything under it)
[1.132s] Copying ../../build/robot_controls/robot_controls.egg-info to /home/ubuntu/JK/ASU_Classes/MAE547/Project_ws/install/robot_controls/lib/python3.10/site-packages/robot_controls-0.0.0-py3.10.egg-info
[1.134s] running install_scripts
[1.154s] writing list of installed files to '/home/ubuntu/JK/ASU_Classes/MAE547/Project_ws/build/robot_controls/install.log'
[1.179s] Invoked command in '/home/ubuntu/JK/ASU_Classes/MAE547/Project_ws/src/robot_controls' returned '0': PYTHONPATH=/home/ubuntu/JK/ASU_Classes/MAE547/Project_ws/build/robot_controls/prefix_override:/home/ubuntu/JK/ASU_Classes/MAE547/Project_ws/install/robot_controls/lib/python3.10/site-packages:${PYTHONPATH} /usr/bin/python3 setup.py egg_info --egg-base ../../build/robot_controls build --build-base /home/ubuntu/JK/ASU_Classes/MAE547/Project_ws/build/robot_controls/build install --record /home/ubuntu/JK/ASU_Classes/MAE547/Project_ws/build/robot_controls/install.log --single-version-externally-managed
