[0.558s] DEBUG:colcon:Command line arguments: ['/usr/bin/colcon', 'build']
[0.558s] DEBUG:colcon:Parsed command line arguments: Namespace(log_base=None, log_level=None, verb_name='build', build_base='build', install_base='install', merge_install=False, symlink_install=False, test_result_base=None, continue_on_error=False, executor='parallel', parallel_workers=12, event_handlers=None, ignore_user_meta=False, metas=['./colcon.meta'], base_paths=['.'], packages_ignore=None, packages_ignore_regex=None, paths=None, packages_up_to=None, packages_up_to_regex=None, packages_above=None, packages_above_and_dependencies=None, packages_above_depth=None, packages_select_by_dep=None, packages_skip_by_dep=None, packages_skip_up_to=None, packages_select_build_failed=False, packages_skip_build_finished=False, packages_select_test_failures=False, packages_skip_test_passed=False, packages_select=None, packages_skip=None, packages_select_regex=None, packages_skip_regex=None, packages_start=None, packages_end=None, allow_overriding=[], cmake_args=None, cmake_target=None, cmake_target_skip_unavailable=False, cmake_clean_cache=False, cmake_clean_first=False, cmake_force_configure=False, ament_cmake_args=None, catkin_cmake_args=None, catkin_skip_building_tests=False, verb_parser=<colcon_defaults.argument_parser.defaults.DefaultArgumentsDecorator object at 0x7ffaec8fb9d0>, verb_extension=<colcon_core.verb.build.BuildVerb object at 0x7ffaec8fb3d0>, main=<bound method BuildVerb.main of <colcon_core.verb.build.BuildVerb object at 0x7ffaec8fb3d0>>)
[0.584s] Level 1:colcon.colcon_core.package_discovery:discover_packages(colcon_meta) check parameters
[0.584s] Level 1:colcon.colcon_core.package_discovery:discover_packages(recursive) check parameters
[0.584s] Level 1:colcon.colcon_core.package_discovery:discover_packages(ignore) check parameters
[0.584s] Level 1:colcon.colcon_core.package_discovery:discover_packages(path) check parameters
[0.584s] Level 1:colcon.colcon_core.package_discovery:discover_packages(colcon_meta) discover
[0.584s] Level 1:colcon.colcon_core.package_discovery:discover_packages(recursive) discover
[0.584s] INFO:colcon.colcon_core.package_discovery:Crawling recursively for packages in '/home/ubuntu/JK/ASU_Classes/MAE547/Project_ws'
[0.584s] Level 1:colcon.colcon_core.package_identification:_identify(.) by extensions ['ignore', 'ignore_ament_install']
[0.584s] Level 1:colcon.colcon_core.package_identification:_identify(.) by extension 'ignore'
[0.584s] Level 1:colcon.colcon_core.package_identification:_identify(.) by extension 'ignore_ament_install'
[0.584s] Level 1:colcon.colcon_core.package_identification:_identify(.) by extensions ['colcon_pkg']
[0.584s] Level 1:colcon.colcon_core.package_identification:_identify(.) by extension 'colcon_pkg'
[0.584s] Level 1:colcon.colcon_core.package_identification:_identify(.) by extensions ['colcon_meta']
[0.584s] Level 1:colcon.colcon_core.package_identification:_identify(.) by extension 'colcon_meta'
[0.584s] Level 1:colcon.colcon_core.package_identification:_identify(.) by extensions ['ros']
[0.584s] Level 1:colcon.colcon_core.package_identification:_identify(.) by extension 'ros'
[0.591s] Level 1:colcon.colcon_core.package_identification:_identify(.) by extensions ['cmake', 'python']
[0.591s] Level 1:colcon.colcon_core.package_identification:_identify(.) by extension 'cmake'
[0.591s] Level 1:colcon.colcon_core.package_identification:_identify(.) by extension 'python'
[0.591s] Level 1:colcon.colcon_core.package_identification:_identify(.) by extensions ['python_setup_py']
[0.591s] Level 1:colcon.colcon_core.package_identification:_identify(.) by extension 'python_setup_py'
[0.591s] Level 1:colcon.colcon_core.package_identification:_identify(build) by extensions ['ignore', 'ignore_ament_install']
[0.591s] Level 1:colcon.colcon_core.package_identification:_identify(build) by extension 'ignore'
[0.591s] Level 1:colcon.colcon_core.package_identification:_identify(build) ignored
[0.592s] Level 1:colcon.colcon_core.package_identification:_identify(install) by extensions ['ignore', 'ignore_ament_install']
[0.592s] Level 1:colcon.colcon_core.package_identification:_identify(install) by extension 'ignore'
[0.592s] Level 1:colcon.colcon_core.package_identification:_identify(install) ignored
[0.592s] Level 1:colcon.colcon_core.package_identification:_identify(log) by extensions ['ignore', 'ignore_ament_install']
[0.592s] Level 1:colcon.colcon_core.package_identification:_identify(log) by extension 'ignore'
[0.592s] Level 1:colcon.colcon_core.package_identification:_identify(log) ignored
[0.592s] Level 1:colcon.colcon_core.package_identification:_identify(src) by extensions ['ignore', 'ignore_ament_install']
[0.592s] Level 1:colcon.colcon_core.package_identification:_identify(src) by extension 'ignore'
[0.592s] Level 1:colcon.colcon_core.package_identification:_identify(src) by extension 'ignore_ament_install'
[0.592s] Level 1:colcon.colcon_core.package_identification:_identify(src) by extensions ['colcon_pkg']
[0.592s] Level 1:colcon.colcon_core.package_identification:_identify(src) by extension 'colcon_pkg'
[0.592s] Level 1:colcon.colcon_core.package_identification:_identify(src) by extensions ['colcon_meta']
[0.592s] Level 1:colcon.colcon_core.package_identification:_identify(src) by extension 'colcon_meta'
[0.592s] Level 1:colcon.colcon_core.package_identification:_identify(src) by extensions ['ros']
[0.592s] Level 1:colcon.colcon_core.package_identification:_identify(src) by extension 'ros'
[0.592s] Level 1:colcon.colcon_core.package_identification:_identify(src) by extensions ['cmake', 'python']
[0.592s] Level 1:colcon.colcon_core.package_identification:_identify(src) by extension 'cmake'
[0.592s] Level 1:colcon.colcon_core.package_identification:_identify(src) by extension 'python'
[0.592s] Level 1:colcon.colcon_core.package_identification:_identify(src) by extensions ['python_setup_py']
[0.592s] Level 1:colcon.colcon_core.package_identification:_identify(src) by extension 'python_setup_py'
[0.592s] Level 1:colcon.colcon_core.package_identification:_identify(src/robot_controls) by extensions ['ignore', 'ignore_ament_install']
[0.592s] Level 1:colcon.colcon_core.package_identification:_identify(src/robot_controls) by extension 'ignore'
[0.592s] Level 1:colcon.colcon_core.package_identification:_identify(src/robot_controls) by extension 'ignore_ament_install'
[0.592s] Level 1:colcon.colcon_core.package_identification:_identify(src/robot_controls) by extensions ['colcon_pkg']
[0.592s] Level 1:colcon.colcon_core.package_identification:_identify(src/robot_controls) by extension 'colcon_pkg'
[0.592s] Level 1:colcon.colcon_core.package_identification:_identify(src/robot_controls) by extensions ['colcon_meta']
[0.592s] Level 1:colcon.colcon_core.package_identification:_identify(src/robot_controls) by extension 'colcon_meta'
[0.592s] Level 1:colcon.colcon_core.package_identification:_identify(src/robot_controls) by extensions ['ros']
[0.592s] Level 1:colcon.colcon_core.package_identification:_identify(src/robot_controls) by extension 'ros'
[0.594s] DEBUG:colcon.colcon_core.package_identification:Package 'src/robot_controls' with type 'ros.ament_python' and name 'robot_controls'
[0.594s] Level 1:colcon.colcon_core.package_identification:_identify(src/robot_model) by extensions ['ignore', 'ignore_ament_install']
[0.594s] Level 1:colcon.colcon_core.package_identification:_identify(src/robot_model) by extension 'ignore'
[0.594s] Level 1:colcon.colcon_core.package_identification:_identify(src/robot_model) by extension 'ignore_ament_install'
[0.594s] Level 1:colcon.colcon_core.package_identification:_identify(src/robot_model) by extensions ['colcon_pkg']
[0.594s] Level 1:colcon.colcon_core.package_identification:_identify(src/robot_model) by extension 'colcon_pkg'
[0.594s] Level 1:colcon.colcon_core.package_identification:_identify(src/robot_model) by extensions ['colcon_meta']
[0.594s] Level 1:colcon.colcon_core.package_identification:_identify(src/robot_model) by extension 'colcon_meta'
[0.594s] Level 1:colcon.colcon_core.package_identification:_identify(src/robot_model) by extensions ['ros']
[0.594s] Level 1:colcon.colcon_core.package_identification:_identify(src/robot_model) by extension 'ros'
[0.594s] DEBUG:colcon.colcon_core.package_identification:Package 'src/robot_model' with type 'ros.ament_cmake' and name 'robot_model'
[0.594s] Level 1:colcon.colcon_core.package_discovery:discover_packages(recursive) using defaults
[0.594s] Level 1:colcon.colcon_core.package_discovery:discover_packages(ignore) discover
[0.594s] Level 1:colcon.colcon_core.package_discovery:discover_packages(ignore) using defaults
[0.594s] Level 1:colcon.colcon_core.package_discovery:discover_packages(path) discover
[0.594s] Level 1:colcon.colcon_core.package_discovery:discover_packages(path) using defaults
[0.643s] Level 1:colcon.colcon_core.package_discovery:discover_packages(prefix_path) check parameters
[0.643s] Level 1:colcon.colcon_core.package_discovery:discover_packages(prefix_path) discover
[0.658s] DEBUG:colcon.colcon_installed_package_information.package_discovery:Found 2 installed packages in /home/ubuntu/JK/ASU_Classes/MAE547/Project_ws/install
[0.674s] DEBUG:colcon.colcon_installed_package_information.package_discovery:Found 4 installed packages in /home/ubuntu/ros2_cws/install
[0.682s] DEBUG:colcon.colcon_installed_package_information.package_discovery:Found 275 installed packages in /opt/ros/humble
[0.683s] Level 1:colcon.colcon_core.package_discovery:discover_packages(prefix_path) using defaults
[0.730s] Level 5:colcon.colcon_core.verb:set package 'robot_controls' build argument 'cmake_args' from command line to 'None'
[0.730s] Level 5:colcon.colcon_core.verb:set package 'robot_controls' build argument 'cmake_target' from command line to 'None'
[0.730s] Level 5:colcon.colcon_core.verb:set package 'robot_controls' build argument 'cmake_target_skip_unavailable' from command line to 'False'
[0.730s] Level 5:colcon.colcon_core.verb:set package 'robot_controls' build argument 'cmake_clean_cache' from command line to 'False'
[0.730s] Level 5:colcon.colcon_core.verb:set package 'robot_controls' build argument 'cmake_clean_first' from command line to 'False'
[0.731s] Level 5:colcon.colcon_core.verb:set package 'robot_controls' build argument 'cmake_force_configure' from command line to 'False'
[0.731s] Level 5:colcon.colcon_core.verb:set package 'robot_controls' build argument 'ament_cmake_args' from command line to 'None'
[0.731s] Level 5:colcon.colcon_core.verb:set package 'robot_controls' build argument 'catkin_cmake_args' from command line to 'None'
[0.731s] Level 5:colcon.colcon_core.verb:set package 'robot_controls' build argument 'catkin_skip_building_tests' from command line to 'False'
[0.731s] DEBUG:colcon.colcon_core.verb:Building package 'robot_controls' with the following arguments: {'ament_cmake_args': None, 'build_base': '/home/ubuntu/JK/ASU_Classes/MAE547/Project_ws/build/robot_controls', 'catkin_cmake_args': None, 'catkin_skip_building_tests': False, 'cmake_args': None, 'cmake_clean_cache': False, 'cmake_clean_first': False, 'cmake_force_configure': False, 'cmake_target': None, 'cmake_target_skip_unavailable': False, 'install_base': '/home/ubuntu/JK/ASU_Classes/MAE547/Project_ws/install/robot_controls', 'merge_install': False, 'path': '/home/ubuntu/JK/ASU_Classes/MAE547/Project_ws/src/robot_controls', 'symlink_install': False, 'test_result_base': None}
[0.738s] Level 5:colcon.colcon_core.verb:set package 'robot_model' build argument 'cmake_args' from command line to 'None'
[0.738s] Level 5:colcon.colcon_core.verb:set package 'robot_model' build argument 'cmake_target' from command line to 'None'
[0.738s] Level 5:colcon.colcon_core.verb:set package 'robot_model' build argument 'cmake_target_skip_unavailable' from command line to 'False'
[0.738s] Level 5:colcon.colcon_core.verb:set package 'robot_model' build argument 'cmake_clean_cache' from command line to 'False'
[0.738s] Level 5:colcon.colcon_core.verb:set package 'robot_model' build argument 'cmake_clean_first' from command line to 'False'
[0.738s] Level 5:colcon.colcon_core.verb:set package 'robot_model' build argument 'cmake_force_configure' from command line to 'False'
[0.738s] Level 5:colcon.colcon_core.verb:set package 'robot_model' build argument 'ament_cmake_args' from command line to 'None'
[0.738s] Level 5:colcon.colcon_core.verb:set package 'robot_model' build argument 'catkin_cmake_args' from command line to 'None'
[0.738s] Level 5:colcon.colcon_core.verb:set package 'robot_model' build argument 'catkin_skip_building_tests' from command line to 'False'
[0.738s] DEBUG:colcon.colcon_core.verb:Building package 'robot_model' with the following arguments: {'ament_cmake_args': None, 'build_base': '/home/ubuntu/JK/ASU_Classes/MAE547/Project_ws/build/robot_model', 'catkin_cmake_args': None, 'catkin_skip_building_tests': False, 'cmake_args': None, 'cmake_clean_cache': False, 'cmake_clean_first': False, 'cmake_force_configure': False, 'cmake_target': None, 'cmake_target_skip_unavailable': False, 'install_base': '/home/ubuntu/JK/ASU_Classes/MAE547/Project_ws/install/robot_model', 'merge_install': False, 'path': '/home/ubuntu/JK/ASU_Classes/MAE547/Project_ws/src/robot_model', 'symlink_install': False, 'test_result_base': None}
[0.746s] INFO:colcon.colcon_core.executor:Executing jobs using 'parallel' executor
[0.754s] DEBUG:colcon.colcon_parallel_executor.executor.parallel:run_until_complete
[0.754s] INFO:colcon.colcon_ros.task.ament_python.build:Building ROS package in '/home/ubuntu/JK/ASU_Classes/MAE547/Project_ws/src/robot_controls' with build type 'ament_python'
[0.754s] Level 1:colcon.colcon_core.shell:create_environment_hook('robot_controls', 'ament_prefix_path')
[0.763s] INFO:colcon.colcon_core.plugin_system:Skipping extension 'colcon_core.shell.bat': Not used on non-Windows systems
[0.763s] INFO:colcon.colcon_core.shell:Creating environment hook '/home/ubuntu/JK/ASU_Classes/MAE547/Project_ws/install/robot_controls/share/robot_controls/hook/ament_prefix_path.ps1'
[0.763s] INFO:colcon.colcon_core.shell:Creating environment descriptor '/home/ubuntu/JK/ASU_Classes/MAE547/Project_ws/install/robot_controls/share/robot_controls/hook/ament_prefix_path.dsv'
[0.764s] INFO:colcon.colcon_core.shell:Creating environment hook '/home/ubuntu/JK/ASU_Classes/MAE547/Project_ws/install/robot_controls/share/robot_controls/hook/ament_prefix_path.sh'
[0.773s] INFO:colcon.colcon_core.shell:Skip shell extension 'powershell' for command environment: Not usable outside of PowerShell
[0.773s] DEBUG:colcon.colcon_core.shell:Skip shell extension 'dsv' for command environment
[0.808s] INFO:colcon.colcon_ros.task.ament_cmake.build:Building ROS package in '/home/ubuntu/JK/ASU_Classes/MAE547/Project_ws/src/robot_model' with build type 'ament_cmake'
[0.808s] INFO:colcon.colcon_cmake.task.cmake.build:Building CMake package in '/home/ubuntu/JK/ASU_Classes/MAE547/Project_ws/src/robot_model'
[0.821s] INFO:colcon.colcon_core.shell:Skip shell extension 'powershell' for command environment: Not usable outside of PowerShell
[0.821s] DEBUG:colcon.colcon_core.shell:Skip shell extension 'dsv' for command environment
[1.100s] INFO:colcon.colcon_core.task.python.build:Building Python package in '/home/ubuntu/JK/ASU_Classes/MAE547/Project_ws/src/robot_controls'
[1.109s] INFO:colcon.colcon_core.shell:Skip shell extension 'powershell' for command environment: Not usable outside of PowerShell
[1.109s] DEBUG:colcon.colcon_core.shell:Skip shell extension 'dsv' for command environment
[1.171s] DEBUG:colcon.colcon_core.event_handler.log_command:Invoking command in '/home/ubuntu/JK/ASU_Classes/MAE547/Project_ws/build/robot_model': CMAKE_PREFIX_PATH=${CMAKE_PREFIX_PATH}:/home/ubuntu/ros2_cws/install/test_py:/home/ubuntu/ros2_cws/install/my_py_pkg:/home/ubuntu/JK/ASU_Classes/MAE547/Project_ws/install/robot_controls:/opt/ros/humble /usr/bin/cmake --build /home/ubuntu/JK/ASU_Classes/MAE547/Project_ws/build/robot_model -- -j12 -l12
[1.207s] DEBUG:colcon.colcon_core.event_handler.log_command:Invoked command in '/home/ubuntu/JK/ASU_Classes/MAE547/Project_ws/build/robot_model' returned '0': CMAKE_PREFIX_PATH=${CMAKE_PREFIX_PATH}:/home/ubuntu/ros2_cws/install/test_py:/home/ubuntu/ros2_cws/install/my_py_pkg:/home/ubuntu/JK/ASU_Classes/MAE547/Project_ws/install/robot_controls:/opt/ros/humble /usr/bin/cmake --build /home/ubuntu/JK/ASU_Classes/MAE547/Project_ws/build/robot_model -- -j12 -l12
[1.229s] DEBUG:colcon.colcon_core.event_handler.log_command:Invoking command in '/home/ubuntu/JK/ASU_Classes/MAE547/Project_ws/build/robot_model': CMAKE_PREFIX_PATH=${CMAKE_PREFIX_PATH}:/home/ubuntu/ros2_cws/install/test_py:/home/ubuntu/ros2_cws/install/my_py_pkg:/home/ubuntu/JK/ASU_Classes/MAE547/Project_ws/install/robot_controls:/opt/ros/humble /usr/bin/cmake --install /home/ubuntu/JK/ASU_Classes/MAE547/Project_ws/build/robot_model
[1.239s] Level 1:colcon.colcon_core.environment:create_environment_scripts_only(robot_model)
[1.243s] DEBUG:colcon.colcon_core.event_handler.log_command:Invoked command in '/home/ubuntu/JK/ASU_Classes/MAE547/Project_ws/build/robot_model' returned '0': CMAKE_PREFIX_PATH=${CMAKE_PREFIX_PATH}:/home/ubuntu/ros2_cws/install/test_py:/home/ubuntu/ros2_cws/install/my_py_pkg:/home/ubuntu/JK/ASU_Classes/MAE547/Project_ws/install/robot_controls:/opt/ros/humble /usr/bin/cmake --install /home/ubuntu/JK/ASU_Classes/MAE547/Project_ws/build/robot_model
[1.253s] Level 1:colcon.colcon_core.environment:checking '/home/ubuntu/JK/ASU_Classes/MAE547/Project_ws/install/robot_model' for CMake module files
[1.254s] Level 1:colcon.colcon_core.environment:checking '/home/ubuntu/JK/ASU_Classes/MAE547/Project_ws/install/robot_model' for CMake config files
[1.254s] Level 1:colcon.colcon_core.shell:create_environment_hook('robot_model', 'cmake_prefix_path')
[1.264s] INFO:colcon.colcon_core.shell:Creating environment hook '/home/ubuntu/JK/ASU_Classes/MAE547/Project_ws/install/robot_model/share/robot_model/hook/cmake_prefix_path.ps1'
[1.265s] INFO:colcon.colcon_core.shell:Creating environment descriptor '/home/ubuntu/JK/ASU_Classes/MAE547/Project_ws/install/robot_model/share/robot_model/hook/cmake_prefix_path.dsv'
[1.265s] INFO:colcon.colcon_core.shell:Creating environment hook '/home/ubuntu/JK/ASU_Classes/MAE547/Project_ws/install/robot_model/share/robot_model/hook/cmake_prefix_path.sh'
[1.265s] Level 1:colcon.colcon_core.environment:checking '/home/ubuntu/JK/ASU_Classes/MAE547/Project_ws/install/robot_model/bin'
[1.265s] Level 1:colcon.colcon_core.environment:checking '/home/ubuntu/JK/ASU_Classes/MAE547/Project_ws/install/robot_model/lib/pkgconfig/robot_model.pc'
[1.265s] Level 1:colcon.colcon_core.environment:checking '/home/ubuntu/JK/ASU_Classes/MAE547/Project_ws/install/robot_model/lib/python3.10/site-packages'
[1.266s] Level 1:colcon.colcon_core.environment:checking '/home/ubuntu/JK/ASU_Classes/MAE547/Project_ws/install/robot_model/bin'
[1.275s] INFO:colcon.colcon_core.shell:Creating package script '/home/ubuntu/JK/ASU_Classes/MAE547/Project_ws/install/robot_model/share/robot_model/package.ps1'
[1.276s] INFO:colcon.colcon_core.shell:Creating package descriptor '/home/ubuntu/JK/ASU_Classes/MAE547/Project_ws/install/robot_model/share/robot_model/package.dsv'
[1.276s] INFO:colcon.colcon_core.shell:Creating package script '/home/ubuntu/JK/ASU_Classes/MAE547/Project_ws/install/robot_model/share/robot_model/package.sh'
[1.276s] INFO:colcon.colcon_core.shell:Creating package script '/home/ubuntu/JK/ASU_Classes/MAE547/Project_ws/install/robot_model/share/robot_model/package.bash'
[1.277s] INFO:colcon.colcon_core.shell:Creating package script '/home/ubuntu/JK/ASU_Classes/MAE547/Project_ws/install/robot_model/share/robot_model/package.zsh'
[1.277s] Level 1:colcon.colcon_core.environment:create_file_with_runtime_dependencies(/home/ubuntu/JK/ASU_Classes/MAE547/Project_ws/install/robot_model/share/colcon-core/packages/robot_model)
[1.304s] Level 1:colcon.colcon_core.environment:create_environment_scripts_only(robot_model)
[1.313s] Level 1:colcon.colcon_core.environment:checking '/home/ubuntu/JK/ASU_Classes/MAE547/Project_ws/install/robot_model' for CMake module files
[1.313s] Level 1:colcon.colcon_core.environment:checking '/home/ubuntu/JK/ASU_Classes/MAE547/Project_ws/install/robot_model' for CMake config files
[1.314s] Level 1:colcon.colcon_core.shell:create_environment_hook('robot_model', 'cmake_prefix_path')
[1.323s] INFO:colcon.colcon_core.shell:Creating environment hook '/home/ubuntu/JK/ASU_Classes/MAE547/Project_ws/install/robot_model/share/robot_model/hook/cmake_prefix_path.ps1'
[1.323s] INFO:colcon.colcon_core.shell:Creating environment descriptor '/home/ubuntu/JK/ASU_Classes/MAE547/Project_ws/install/robot_model/share/robot_model/hook/cmake_prefix_path.dsv'
[1.324s] INFO:colcon.colcon_core.shell:Creating environment hook '/home/ubuntu/JK/ASU_Classes/MAE547/Project_ws/install/robot_model/share/robot_model/hook/cmake_prefix_path.sh'
[1.324s] Level 1:colcon.colcon_core.environment:checking '/home/ubuntu/JK/ASU_Classes/MAE547/Project_ws/install/robot_model/bin'
[1.324s] Level 1:colcon.colcon_core.environment:checking '/home/ubuntu/JK/ASU_Classes/MAE547/Project_ws/install/robot_model/lib/pkgconfig/robot_model.pc'
[1.324s] Level 1:colcon.colcon_core.environment:checking '/home/ubuntu/JK/ASU_Classes/MAE547/Project_ws/install/robot_model/lib/python3.10/site-packages'
[1.324s] Level 1:colcon.colcon_core.environment:checking '/home/ubuntu/JK/ASU_Classes/MAE547/Project_ws/install/robot_model/bin'
[1.333s] INFO:colcon.colcon_core.shell:Creating package script '/home/ubuntu/JK/ASU_Classes/MAE547/Project_ws/install/robot_model/share/robot_model/package.ps1'
[1.334s] INFO:colcon.colcon_core.shell:Creating package descriptor '/home/ubuntu/JK/ASU_Classes/MAE547/Project_ws/install/robot_model/share/robot_model/package.dsv'
[1.334s] INFO:colcon.colcon_core.shell:Creating package script '/home/ubuntu/JK/ASU_Classes/MAE547/Project_ws/install/robot_model/share/robot_model/package.sh'
[1.334s] INFO:colcon.colcon_core.shell:Creating package script '/home/ubuntu/JK/ASU_Classes/MAE547/Project_ws/install/robot_model/share/robot_model/package.bash'
[1.334s] INFO:colcon.colcon_core.shell:Creating package script '/home/ubuntu/JK/ASU_Classes/MAE547/Project_ws/install/robot_model/share/robot_model/package.zsh'
[1.334s] Level 1:colcon.colcon_core.environment:create_file_with_runtime_dependencies(/home/ubuntu/JK/ASU_Classes/MAE547/Project_ws/install/robot_model/share/colcon-core/packages/robot_model)
[1.467s] DEBUG:colcon.colcon_core.event_handler.log_command:Invoking command in '/home/ubuntu/JK/ASU_Classes/MAE547/Project_ws/src/robot_controls': PYTHONPATH=/home/ubuntu/JK/ASU_Classes/MAE547/Project_ws/build/robot_controls/prefix_override:/home/ubuntu/JK/ASU_Classes/MAE547/Project_ws/install/robot_controls/lib/python3.10/site-packages:${PYTHONPATH} /usr/bin/python3 setup.py egg_info --egg-base ../../build/robot_controls build --build-base /home/ubuntu/JK/ASU_Classes/MAE547/Project_ws/build/robot_controls/build install --record /home/ubuntu/JK/ASU_Classes/MAE547/Project_ws/build/robot_controls/install.log --single-version-externally-managed
[1.733s] DEBUG:colcon.colcon_core.event_handler.log_command:Invoked command in '/home/ubuntu/JK/ASU_Classes/MAE547/Project_ws/src/robot_controls' returned '0': PYTHONPATH=/home/ubuntu/JK/ASU_Classes/MAE547/Project_ws/build/robot_controls/prefix_override:/home/ubuntu/JK/ASU_Classes/MAE547/Project_ws/install/robot_controls/lib/python3.10/site-packages:${PYTHONPATH} /usr/bin/python3 setup.py egg_info --egg-base ../../build/robot_controls build --build-base /home/ubuntu/JK/ASU_Classes/MAE547/Project_ws/build/robot_controls/build install --record /home/ubuntu/JK/ASU_Classes/MAE547/Project_ws/build/robot_controls/install.log --single-version-externally-managed
[1.743s] Level 1:colcon.colcon_core.environment:checking '/home/ubuntu/JK/ASU_Classes/MAE547/Project_ws/install/robot_controls' for CMake module files
[1.743s] Level 1:colcon.colcon_core.environment:checking '/home/ubuntu/JK/ASU_Classes/MAE547/Project_ws/install/robot_controls' for CMake config files
[1.744s] Level 1:colcon.colcon_core.environment:checking '/home/ubuntu/JK/ASU_Classes/MAE547/Project_ws/install/robot_controls/lib'
[1.744s] Level 1:colcon.colcon_core.environment:checking '/home/ubuntu/JK/ASU_Classes/MAE547/Project_ws/install/robot_controls/bin'
[1.744s] Level 1:colcon.colcon_core.environment:checking '/home/ubuntu/JK/ASU_Classes/MAE547/Project_ws/install/robot_controls/lib/pkgconfig/robot_controls.pc'
[1.744s] Level 1:colcon.colcon_core.environment:checking '/home/ubuntu/JK/ASU_Classes/MAE547/Project_ws/install/robot_controls/lib/python3.10/site-packages'
[1.744s] Level 1:colcon.colcon_core.shell:create_environment_hook('robot_controls', 'pythonpath')
[1.758s] INFO:colcon.colcon_core.shell:Creating environment hook '/home/ubuntu/JK/ASU_Classes/MAE547/Project_ws/install/robot_controls/share/robot_controls/hook/pythonpath.ps1'
[1.759s] INFO:colcon.colcon_core.shell:Creating environment descriptor '/home/ubuntu/JK/ASU_Classes/MAE547/Project_ws/install/robot_controls/share/robot_controls/hook/pythonpath.dsv'
[1.759s] INFO:colcon.colcon_core.shell:Creating environment hook '/home/ubuntu/JK/ASU_Classes/MAE547/Project_ws/install/robot_controls/share/robot_controls/hook/pythonpath.sh'
[1.759s] Level 1:colcon.colcon_core.environment:checking '/home/ubuntu/JK/ASU_Classes/MAE547/Project_ws/install/robot_controls/bin'
[1.760s] Level 1:colcon.colcon_core.environment:create_environment_scripts_only(robot_controls)
[1.775s] INFO:colcon.colcon_core.shell:Creating package script '/home/ubuntu/JK/ASU_Classes/MAE547/Project_ws/install/robot_controls/share/robot_controls/package.ps1'
[1.775s] INFO:colcon.colcon_core.shell:Creating package descriptor '/home/ubuntu/JK/ASU_Classes/MAE547/Project_ws/install/robot_controls/share/robot_controls/package.dsv'
[1.776s] INFO:colcon.colcon_core.shell:Creating package script '/home/ubuntu/JK/ASU_Classes/MAE547/Project_ws/install/robot_controls/share/robot_controls/package.sh'
[1.776s] INFO:colcon.colcon_core.shell:Creating package script '/home/ubuntu/JK/ASU_Classes/MAE547/Project_ws/install/robot_controls/share/robot_controls/package.bash'
[1.776s] INFO:colcon.colcon_core.shell:Creating package script '/home/ubuntu/JK/ASU_Classes/MAE547/Project_ws/install/robot_controls/share/robot_controls/package.zsh'
[1.776s] Level 1:colcon.colcon_core.environment:create_file_with_runtime_dependencies(/home/ubuntu/JK/ASU_Classes/MAE547/Project_ws/install/robot_controls/share/colcon-core/packages/robot_controls)
[1.777s] DEBUG:colcon.colcon_parallel_executor.executor.parallel:closing loop
[1.777s] DEBUG:colcon.colcon_parallel_executor.executor.parallel:loop closed
[1.777s] DEBUG:colcon.colcon_parallel_executor.executor.parallel:run_until_complete finished with '0'
[1.777s] DEBUG:colcon.colcon_core.event_reactor:joining thread
[1.801s] INFO:colcon.colcon_core.plugin_system:Skipping extension 'colcon_notification.desktop_notification.terminal_notifier': Not used on non-Darwin systems
[1.801s] INFO:colcon.colcon_core.plugin_system:Skipping extension 'colcon_notification.desktop_notification.win32': Not used on non-Windows systems
[1.801s] INFO:colcon.colcon_notification.desktop_notification:Sending desktop notification using 'notify2'
[1.821s] DEBUG:colcon.colcon_core.event_reactor:joined thread
[1.844s] INFO:colcon.colcon_core.shell:Creating prefix script '/home/ubuntu/JK/ASU_Classes/MAE547/Project_ws/install/local_setup.ps1'
[1.845s] INFO:colcon.colcon_core.shell:Creating prefix util module '/home/ubuntu/JK/ASU_Classes/MAE547/Project_ws/install/_local_setup_util_ps1.py'
[1.846s] INFO:colcon.colcon_core.shell:Creating prefix chain script '/home/ubuntu/JK/ASU_Classes/MAE547/Project_ws/install/setup.ps1'
[1.860s] INFO:colcon.colcon_core.shell:Creating prefix script '/home/ubuntu/JK/ASU_Classes/MAE547/Project_ws/install/local_setup.sh'
[1.860s] INFO:colcon.colcon_core.shell:Creating prefix util module '/home/ubuntu/JK/ASU_Classes/MAE547/Project_ws/install/_local_setup_util_sh.py'
[1.861s] INFO:colcon.colcon_core.shell:Creating prefix chain script '/home/ubuntu/JK/ASU_Classes/MAE547/Project_ws/install/setup.sh'
[1.870s] INFO:colcon.colcon_core.shell:Creating prefix script '/home/ubuntu/JK/ASU_Classes/MAE547/Project_ws/install/local_setup.bash'
[1.870s] INFO:colcon.colcon_core.shell:Creating prefix chain script '/home/ubuntu/JK/ASU_Classes/MAE547/Project_ws/install/setup.bash'
[1.880s] INFO:colcon.colcon_core.shell:Creating prefix script '/home/ubuntu/JK/ASU_Classes/MAE547/Project_ws/install/local_setup.zsh'
[1.880s] INFO:colcon.colcon_core.shell:Creating prefix chain script '/home/ubuntu/JK/ASU_Classes/MAE547/Project_ws/install/setup.zsh'
