[3.078s] Invoking command in '/home/ubuntu/JK/ASU_Classes/MAE547/Project_ws/build/robot_model': CMAKE_PREFIX_PATH=${CMAKE_PREFIX_PATH}:/home/ubuntu/ros2_cws/install/test_py:/home/ubuntu/ros2_cws/install/my_py_pkg:/home/ubuntu/JK/ASU_Classes/MAE547/Project_ws/install/robot_controls:/opt/ros/humble /usr/bin/cmake --build /home/ubuntu/JK/ASU_Classes/MAE547/Project_ws/build/robot_model -- -j12 -l12
[8.045s] Invoked command in '/home/ubuntu/JK/ASU_Classes/MAE547/Project_ws/build/robot_model' returned '0': CMAKE_PREFIX_PATH=${CMAKE_PREFIX_PATH}:/home/ubuntu/ros2_cws/install/test_py:/home/ubuntu/ros2_cws/install/my_py_pkg:/home/ubuntu/JK/ASU_Classes/MAE547/Project_ws/install/robot_controls:/opt/ros/humble /usr/bin/cmake --build /home/ubuntu/JK/ASU_Classes/MAE547/Project_ws/build/robot_model -- -j12 -l12
[8.065s] Invoking command in '/home/ubuntu/JK/ASU_Classes/MAE547/Project_ws/build/robot_model': CMAKE_PREFIX_PATH=${CMAKE_PREFIX_PATH}:/home/ubuntu/ros2_cws/install/test_py:/home/ubuntu/ros2_cws/install/my_py_pkg:/home/ubuntu/JK/ASU_Classes/MAE547/Project_ws/install/robot_controls:/opt/ros/humble /usr/bin/cmake --install /home/ubuntu/JK/ASU_Classes/MAE547/Project_ws/build/robot_model
[8.080s] -- Install configuration: ""
[8.092s] -- Up-to-date: /home/ubuntu/JK/ASU_Classes/MAE547/Project_ws/install/robot_model/share/robot_model/launch
[8.099s] -- Up-to-date: /home/ubuntu/JK/ASU_Classes/MAE547/Project_ws/install/robot_model/share/robot_model/launch/view_robot_model.launch.py
[8.099s] -- Up-to-date: /home/ubuntu/JK/ASU_Classes/MAE547/Project_ws/install/robot_model/share/robot_model/urdf
[8.101s] -- Installing: /home/ubuntu/JK/ASU_Classes/MAE547/Project_ws/install/robot_model/share/robot_model/urdf/biped_git_model.urdf
[8.101s] -- Up-to-date: /home/ubuntu/JK/ASU_Classes/MAE547/Project_ws/install/robot_model/share/robot_model/urdf/Project_model.urdf
[8.101s] -- Up-to-date: /home/ubuntu/JK/ASU_Classes/MAE547/Project_ws/install/robot_model/share/robot_model/urdf/biped.urdf
[8.101s] -- Up-to-date: /home/ubuntu/JK/ASU_Classes/MAE547/Project_ws/install/robot_model/share/robot_model/urdf/project_model.urdf.xacro
[8.101s] -- Up-to-date: /home/ubuntu/JK/ASU_Classes/MAE547/Project_ws/install/robot_model/share/robot_model/urdf/biped_leg_assembly.urdf
[8.101s] -- Up-to-date: /home/ubuntu/JK/ASU_Classes/MAE547/Project_ws/install/robot_model/share/robot_model/urdf/biped_1.urdf
[8.102s] -- Up-to-date: /home/ubuntu/JK/ASU_Classes/MAE547/Project_ws/install/robot_model/share/robot_model/meshes
[8.103s] -- Up-to-date: /home/ubuntu/JK/ASU_Classes/MAE547/Project_ws/install/robot_model/share/robot_model/meshes/lowerleg.dae
[8.103s] -- Up-to-date: /home/ubuntu/JK/ASU_Classes/MAE547/Project_ws/install/robot_model/share/robot_model/meshes/left_foot_link.STL
[8.103s] -- Up-to-date: /home/ubuntu/JK/ASU_Classes/MAE547/Project_ws/install/robot_model/share/robot_model/meshes/hipassembly.dae
[8.103s] -- Up-to-date: /home/ubuntu/JK/ASU_Classes/MAE547/Project_ws/install/robot_model/share/robot_model/meshes/right_foot_link.STL
[8.103s] -- Up-to-date: /home/ubuntu/JK/ASU_Classes/MAE547/Project_ws/install/robot_model/share/robot_model/meshes/left_lower_leg_link.STL
[8.103s] -- Up-to-date: /home/ubuntu/JK/ASU_Classes/MAE547/Project_ws/install/robot_model/share/robot_model/meshes/Right_upper_leg_link.STL
[8.103s] -- Up-to-date: /home/ubuntu/JK/ASU_Classes/MAE547/Project_ws/install/robot_model/share/robot_model/meshes/base_link.STL
[8.103s] -- Up-to-date: /home/ubuntu/JK/ASU_Classes/MAE547/Project_ws/install/robot_model/share/robot_model/meshes/upperleg.dae
[8.103s] -- Up-to-date: /home/ubuntu/JK/ASU_Classes/MAE547/Project_ws/install/robot_model/share/robot_model/meshes/right_lower_leg_link.STL
[8.103s] -- Up-to-date: /home/ubuntu/JK/ASU_Classes/MAE547/Project_ws/install/robot_model/share/robot_model/meshes/left_upper_leg_link.STL
[8.104s] -- Up-to-date: /home/ubuntu/JK/ASU_Classes/MAE547/Project_ws/install/robot_model/share/ament_index/resource_index/package_run_dependencies/robot_model
[8.110s] -- Up-to-date: /home/ubuntu/JK/ASU_Classes/MAE547/Project_ws/install/robot_model/share/ament_index/resource_index/parent_prefix_path/robot_model
[8.111s] -- Up-to-date: /home/ubuntu/JK/ASU_Classes/MAE547/Project_ws/install/robot_model/share/robot_model/environment/ament_prefix_path.sh
[8.111s] -- Up-to-date: /home/ubuntu/JK/ASU_Classes/MAE547/Project_ws/install/robot_model/share/robot_model/environment/ament_prefix_path.dsv
[8.111s] -- Up-to-date: /home/ubuntu/JK/ASU_Classes/MAE547/Project_ws/install/robot_model/share/robot_model/environment/path.sh
[8.111s] -- Up-to-date: /home/ubuntu/JK/ASU_Classes/MAE547/Project_ws/install/robot_model/share/robot_model/environment/path.dsv
[8.111s] -- Up-to-date: /home/ubuntu/JK/ASU_Classes/MAE547/Project_ws/install/robot_model/share/robot_model/local_setup.bash
[8.111s] -- Up-to-date: /home/ubuntu/JK/ASU_Classes/MAE547/Project_ws/install/robot_model/share/robot_model/local_setup.sh
[8.111s] -- Up-to-date: /home/ubuntu/JK/ASU_Classes/MAE547/Project_ws/install/robot_model/share/robot_model/local_setup.zsh
[8.111s] -- Up-to-date: /home/ubuntu/JK/ASU_Classes/MAE547/Project_ws/install/robot_model/share/robot_model/local_setup.dsv
[8.111s] -- Installing: /home/ubuntu/JK/ASU_Classes/MAE547/Project_ws/install/robot_model/share/robot_model/package.dsv
[8.120s] -- Up-to-date: /home/ubuntu/JK/ASU_Classes/MAE547/Project_ws/install/robot_model/share/ament_index/resource_index/packages/robot_model
[8.122s] -- Up-to-date: /home/ubuntu/JK/ASU_Classes/MAE547/Project_ws/install/robot_model/share/robot_model/cmake/robot_modelConfig.cmake
[8.122s] -- Up-to-date: /home/ubuntu/JK/ASU_Classes/MAE547/Project_ws/install/robot_model/share/robot_model/cmake/robot_modelConfig-version.cmake
[8.122s] -- Up-to-date: /home/ubuntu/JK/ASU_Classes/MAE547/Project_ws/install/robot_model/share/robot_model/package.xml
[8.130s] Invoked command in '/home/ubuntu/JK/ASU_Classes/MAE547/Project_ws/build/robot_model' returned '0': CMAKE_PREFIX_PATH=${CMAKE_PREFIX_PATH}:/home/ubuntu/ros2_cws/install/test_py:/home/ubuntu/ros2_cws/install/my_py_pkg:/home/ubuntu/JK/ASU_Classes/MAE547/Project_ws/install/robot_controls:/opt/ros/humble /usr/bin/cmake --install /home/ubuntu/JK/ASU_Classes/MAE547/Project_ws/build/robot_model
