[0.670s] Invoking command in '/home/ubuntu/JK/ASU_Classes/MAE547/Project_ws/src/robot_controls': PYTHONPATH=/home/ubuntu/JK/ASU_Classes/MAE547/Project_ws/build/robot_controls/prefix_override:/home/ubuntu/JK/ASU_Classes/MAE547/Project_ws/install/robot_controls/lib/python3.10/site-packages:${PYTHONPATH} /usr/bin/python3 setup.py egg_info --egg-base ../../build/robot_controls build --build-base /home/ubuntu/JK/ASU_Classes/MAE547/Project_ws/build/robot_controls/build install --record /home/ubuntu/JK/ASU_Classes/MAE547/Project_ws/build/robot_controls/install.log --single-version-externally-managed
[0.826s] running egg_info
[0.826s] writing ../../build/robot_controls/robot_controls.egg-info/PKG-INFO
[0.826s] writing dependency_links to ../../build/robot_controls/robot_controls.egg-info/dependency_links.txt
[0.826s] writing entry points to ../../build/robot_controls/robot_controls.egg-info/entry_points.txt
[0.827s] writing requirements to ../../build/robot_controls/robot_controls.egg-info/requires.txt
[0.827s] writing top-level names to ../../build/robot_controls/robot_controls.egg-info/top_level.txt
[0.828s] reading manifest file '../../build/robot_controls/robot_controls.egg-info/SOURCES.txt'
[0.828s] writing manifest file '../../build/robot_controls/robot_controls.egg-info/SOURCES.txt'
[0.828s] running build
[0.828s] running build_py
[0.829s] running install
[0.829s] running install_lib
[0.829s] running install_data
[0.830s] running install_egg_info
[0.831s] removing '/home/ubuntu/JK/ASU_Classes/MAE547/Project_ws/install/robot_controls/lib/python3.10/site-packages/robot_controls-0.0.0-py3.10.egg-info' (and everything under it)
[0.831s] Copying ../../build/robot_controls/robot_controls.egg-info to /home/ubuntu/JK/ASU_Classes/MAE547/Project_ws/install/robot_controls/lib/python3.10/site-packages/robot_controls-0.0.0-py3.10.egg-info
[0.832s] running install_scripts
[0.847s] writing list of installed files to '/home/ubuntu/JK/ASU_Classes/MAE547/Project_ws/build/robot_controls/install.log'
[0.864s] Invoked command in '/home/ubuntu/JK/ASU_Classes/MAE547/Project_ws/src/robot_controls' returned '0': PYTHONPATH=/home/ubuntu/JK/ASU_Classes/MAE547/Project_ws/build/robot_controls/prefix_override:/home/ubuntu/JK/ASU_Classes/MAE547/Project_ws/install/robot_controls/lib/python3.10/site-packages:${PYTHONPATH} /usr/bin/python3 setup.py egg_info --egg-base ../../build/robot_controls build --build-base /home/ubuntu/JK/ASU_Classes/MAE547/Project_ws/build/robot_controls/build install --record /home/ubuntu/JK/ASU_Classes/MAE547/Project_ws/build/robot_controls/install.log --single-version-externally-managed
