[0.685s] Invoking command in '/home/ubuntu/JK/ASU_Classes/MAE547/Project_ws/src/robot_controls': PYTHONPATH=/home/ubuntu/JK/ASU_Classes/MAE547/Project_ws/build/robot_controls/prefix_override:/home/ubuntu/JK/ASU_Classes/MAE547/Project_ws/install/robot_controls/lib/python3.10/site-packages:${PYTHONPATH} /usr/bin/python3 setup.py egg_info --egg-base ../../build/robot_controls build --build-base /home/ubuntu/JK/ASU_Classes/MAE547/Project_ws/build/robot_controls/build install --record /home/ubuntu/JK/ASU_Classes/MAE547/Project_ws/build/robot_controls/install.log --single-version-externally-managed
[0.980s] running egg_info
[0.981s] writing ../../build/robot_controls/robot_controls.egg-info/PKG-INFO
[0.981s] writing dependency_links to ../../build/robot_controls/robot_controls.egg-info/dependency_links.txt
[0.981s] writing entry points to ../../build/robot_controls/robot_controls.egg-info/entry_points.txt
[0.981s] writing requirements to ../../build/robot_controls/robot_controls.egg-info/requires.txt
[0.981s] writing top-level names to ../../build/robot_controls/robot_controls.egg-info/top_level.txt
[0.983s] reading manifest file '../../build/robot_controls/robot_controls.egg-info/SOURCES.txt'
[0.984s] writing manifest file '../../build/robot_controls/robot_controls.egg-info/SOURCES.txt'
[0.984s] running build
[0.984s] running build_py
[0.985s] running install
[0.985s] running install_lib
[0.986s] running install_data
[0.986s] running install_egg_info
[0.988s] removing '/home/ubuntu/JK/ASU_Classes/MAE547/Project_ws/install/robot_controls/lib/python3.10/site-packages/robot_controls-0.0.0-py3.10.egg-info' (and everything under it)
[0.989s] Copying ../../build/robot_controls/robot_controls.egg-info to /home/ubuntu/JK/ASU_Classes/MAE547/Project_ws/install/robot_controls/lib/python3.10/site-packages/robot_controls-0.0.0-py3.10.egg-info
[0.989s] running install_scripts
[1.013s] writing list of installed files to '/home/ubuntu/JK/ASU_Classes/MAE547/Project_ws/build/robot_controls/install.log'
[1.050s] Invoked command in '/home/ubuntu/JK/ASU_Classes/MAE547/Project_ws/src/robot_controls' returned '0': PYTHONPATH=/home/ubuntu/JK/ASU_Classes/MAE547/Project_ws/build/robot_controls/prefix_override:/home/ubuntu/JK/ASU_Classes/MAE547/Project_ws/install/robot_controls/lib/python3.10/site-packages:${PYTHONPATH} /usr/bin/python3 setup.py egg_info --egg-base ../../build/robot_controls build --build-base /home/ubuntu/JK/ASU_Classes/MAE547/Project_ws/build/robot_controls/build install --record /home/ubuntu/JK/ASU_Classes/MAE547/Project_ws/build/robot_controls/install.log --single-version-externally-managed
