[0.339s] Invoking command in '/home/ubuntu/JK/ASU_Classes/MAE547/Project_ws/build/robot_model': CMAKE_PREFIX_PATH=${CMAKE_PREFIX_PATH}:/home/ubuntu/ros2_cws/install/test_py:/home/ubuntu/ros2_cws/install/my_py_pkg:/home/ubuntu/JK/ASU_Classes/MAE547/Project_ws/install/robot_controls:/opt/ros/humble /usr/bin/cmake --build /home/ubuntu/JK/ASU_Classes/MAE547/Project_ws/build/robot_model -- -j12 -l12
[0.380s] -- Found ament_cmake: 1.3.5 (/opt/ros/humble/share/ament_cmake/cmake)
[0.574s] -- Found rclcpp: 16.0.6 (/opt/ros/humble/share/rclcpp/cmake)
[0.662s] -- Found rosidl_generator_c: 3.1.5 (/opt/ros/humble/share/rosidl_generator_c/cmake)
[0.667s] -- Found rosidl_adapter: 3.1.5 (/opt/ros/humble/share/rosidl_adapter/cmake)
[0.684s] -- Found rosidl_generator_cpp: 3.1.5 (/opt/ros/humble/share/rosidl_generator_cpp/cmake)
[0.707s] -- Using all available rosidl_typesupport_c: rosidl_typesupport_fastrtps_c;rosidl_typesupport_introspection_c
[0.733s] -- Using all available rosidl_typesupport_cpp: rosidl_typesupport_fastrtps_cpp;rosidl_typesupport_introspection_cpp
[0.835s] -- Found rmw_implementation_cmake: 6.1.1 (/opt/ros/humble/share/rmw_implementation_cmake/cmake)
[0.840s] -- Found rmw_fastrtps_cpp: 6.2.4 (/opt/ros/humble/share/rmw_fastrtps_cpp/cmake)
[1.140s] -- Using RMW implementation 'rmw_fastrtps_cpp' as default
[1.411s] -- Found ament_lint_auto: 0.12.8 (/opt/ros/humble/share/ament_lint_auto/cmake)
[1.532s] -- Added test 'flake8' to check Python code syntax and style conventions
[1.533s] -- Added test 'lint_cmake' to check CMake code style
[1.534s] -- Added test 'pep257' to check Python code against some of the docstring style conventions in PEP 257
[1.538s] -- Added test 'xmllint' to check XML markup files
[1.544s] -- Configuring done
[1.564s] -- Generating done
[1.568s] -- Build files have been written to: /home/ubuntu/JK/ASU_Classes/MAE547/Project_ws/build/robot_model
[1.601s] Invoked command in '/home/ubuntu/JK/ASU_Classes/MAE547/Project_ws/build/robot_model' returned '0': CMAKE_PREFIX_PATH=${CMAKE_PREFIX_PATH}:/home/ubuntu/ros2_cws/install/test_py:/home/ubuntu/ros2_cws/install/my_py_pkg:/home/ubuntu/JK/ASU_Classes/MAE547/Project_ws/install/robot_controls:/opt/ros/humble /usr/bin/cmake --build /home/ubuntu/JK/ASU_Classes/MAE547/Project_ws/build/robot_model -- -j12 -l12
[1.639s] Invoking command in '/home/ubuntu/JK/ASU_Classes/MAE547/Project_ws/build/robot_model': CMAKE_PREFIX_PATH=${CMAKE_PREFIX_PATH}:/home/ubuntu/ros2_cws/install/test_py:/home/ubuntu/ros2_cws/install/my_py_pkg:/home/ubuntu/JK/ASU_Classes/MAE547/Project_ws/install/robot_controls:/opt/ros/humble /usr/bin/cmake --install /home/ubuntu/JK/ASU_Classes/MAE547/Project_ws/build/robot_model
[1.647s] -- Install configuration: ""
[1.647s] -- Up-to-date: /home/ubuntu/JK/ASU_Classes/MAE547/Project_ws/install/robot_model/share/robot_model/launch
[1.647s] -- Up-to-date: /home/ubuntu/JK/ASU_Classes/MAE547/Project_ws/install/robot_model/share/robot_model/launch/view_robot_model.launch.py
[1.647s] -- Up-to-date: /home/ubuntu/JK/ASU_Classes/MAE547/Project_ws/install/robot_model/share/robot_model/urdf
[1.647s] -- Up-to-date: /home/ubuntu/JK/ASU_Classes/MAE547/Project_ws/install/robot_model/share/robot_model/urdf/biped_git_model.urdf
[1.647s] -- Up-to-date: /home/ubuntu/JK/ASU_Classes/MAE547/Project_ws/install/robot_model/share/robot_model/urdf/Project_model.urdf
[1.647s] -- Up-to-date: /home/ubuntu/JK/ASU_Classes/MAE547/Project_ws/install/robot_model/share/robot_model/urdf/simple_walker.urdf
[1.648s] -- Up-to-date: /home/ubuntu/JK/ASU_Classes/MAE547/Project_ws/install/robot_model/share/robot_model/urdf/biped.urdf
[1.648s] -- Up-to-date: /home/ubuntu/JK/ASU_Classes/MAE547/Project_ws/install/robot_model/share/robot_model/urdf/project_model.urdf.xacro
[1.648s] -- Up-to-date: /home/ubuntu/JK/ASU_Classes/MAE547/Project_ws/install/robot_model/share/robot_model/urdf/biped_leg_assembly.urdf
[1.648s] -- Up-to-date: /home/ubuntu/JK/ASU_Classes/MAE547/Project_ws/install/robot_model/share/robot_model/urdf/biped_1.urdf
[1.648s] -- Up-to-date: /home/ubuntu/JK/ASU_Classes/MAE547/Project_ws/install/robot_model/share/robot_model/meshes
[1.648s] -- Up-to-date: /home/ubuntu/JK/ASU_Classes/MAE547/Project_ws/install/robot_model/share/robot_model/meshes/lowerleg.dae
[1.648s] -- Up-to-date: /home/ubuntu/JK/ASU_Classes/MAE547/Project_ws/install/robot_model/share/robot_model/meshes/outter_ring.STL
[1.648s] -- Up-to-date: /home/ubuntu/JK/ASU_Classes/MAE547/Project_ws/install/robot_model/share/robot_model/meshes/left_foot_link.STL
[1.648s] -- Up-to-date: /home/ubuntu/JK/ASU_Classes/MAE547/Project_ws/install/robot_model/share/robot_model/meshes/hipassembly.dae
[1.649s] -- Up-to-date: /home/ubuntu/JK/ASU_Classes/MAE547/Project_ws/install/robot_model/share/robot_model/meshes/right_foot_link.STL
[1.649s] -- Up-to-date: /home/ubuntu/JK/ASU_Classes/MAE547/Project_ws/install/robot_model/share/robot_model/meshes/thigh.STL
[1.649s] -- Up-to-date: /home/ubuntu/JK/ASU_Classes/MAE547/Project_ws/install/robot_model/share/robot_model/meshes/waist_L.STL
[1.649s] -- Up-to-date: /home/ubuntu/JK/ASU_Classes/MAE547/Project_ws/install/robot_model/share/robot_model/meshes/left_lower_leg_link.STL
[1.649s] -- Up-to-date: /home/ubuntu/JK/ASU_Classes/MAE547/Project_ws/install/robot_model/share/robot_model/meshes/contact_sensor.STL
[1.650s] -- Up-to-date: /home/ubuntu/JK/ASU_Classes/MAE547/Project_ws/install/robot_model/share/robot_model/meshes/inner_ring.STL
[1.650s] -- Up-to-date: /home/ubuntu/JK/ASU_Classes/MAE547/Project_ws/install/robot_model/share/robot_model/meshes/Right_upper_leg_link.STL
[1.650s] -- Up-to-date: /home/ubuntu/JK/ASU_Classes/MAE547/Project_ws/install/robot_model/share/robot_model/meshes/base_link.STL
[1.651s] -- Up-to-date: /home/ubuntu/JK/ASU_Classes/MAE547/Project_ws/install/robot_model/share/robot_model/meshes/shank.STL
[1.651s] -- Up-to-date: /home/ubuntu/JK/ASU_Classes/MAE547/Project_ws/install/robot_model/share/robot_model/meshes/upperleg.dae
[1.651s] -- Up-to-date: /home/ubuntu/JK/ASU_Classes/MAE547/Project_ws/install/robot_model/share/robot_model/meshes/right_lower_leg_link.STL
[1.652s] -- Up-to-date: /home/ubuntu/JK/ASU_Classes/MAE547/Project_ws/install/robot_model/share/robot_model/meshes/boom_horizontal.STL
[1.652s] -- Up-to-date: /home/ubuntu/JK/ASU_Classes/MAE547/Project_ws/install/robot_model/share/robot_model/meshes/left_upper_leg_link.STL
[1.652s] -- Up-to-date: /home/ubuntu/JK/ASU_Classes/MAE547/Project_ws/install/robot_model/share/ament_index/resource_index/package_run_dependencies/robot_model
[1.653s] -- Up-to-date: /home/ubuntu/JK/ASU_Classes/MAE547/Project_ws/install/robot_model/share/ament_index/resource_index/parent_prefix_path/robot_model
[1.653s] -- Up-to-date: /home/ubuntu/JK/ASU_Classes/MAE547/Project_ws/install/robot_model/share/robot_model/environment/ament_prefix_path.sh
[1.653s] -- Installing: /home/ubuntu/JK/ASU_Classes/MAE547/Project_ws/install/robot_model/share/robot_model/environment/ament_prefix_path.dsv
[1.653s] -- Up-to-date: /home/ubuntu/JK/ASU_Classes/MAE547/Project_ws/install/robot_model/share/robot_model/environment/path.sh
[1.654s] -- Installing: /home/ubuntu/JK/ASU_Classes/MAE547/Project_ws/install/robot_model/share/robot_model/environment/path.dsv
[1.654s] -- Up-to-date: /home/ubuntu/JK/ASU_Classes/MAE547/Project_ws/install/robot_model/share/robot_model/local_setup.bash
[1.654s] -- Up-to-date: /home/ubuntu/JK/ASU_Classes/MAE547/Project_ws/install/robot_model/share/robot_model/local_setup.sh
[1.655s] -- Up-to-date: /home/ubuntu/JK/ASU_Classes/MAE547/Project_ws/install/robot_model/share/robot_model/local_setup.zsh
[1.655s] -- Installing: /home/ubuntu/JK/ASU_Classes/MAE547/Project_ws/install/robot_model/share/robot_model/local_setup.dsv
[1.655s] -- Installing: /home/ubuntu/JK/ASU_Classes/MAE547/Project_ws/install/robot_model/share/robot_model/package.dsv
[1.655s] -- Up-to-date: /home/ubuntu/JK/ASU_Classes/MAE547/Project_ws/install/robot_model/share/ament_index/resource_index/packages/robot_model
[1.656s] -- Up-to-date: /home/ubuntu/JK/ASU_Classes/MAE547/Project_ws/install/robot_model/share/robot_model/cmake/robot_modelConfig.cmake
[1.656s] -- Up-to-date: /home/ubuntu/JK/ASU_Classes/MAE547/Project_ws/install/robot_model/share/robot_model/cmake/robot_modelConfig-version.cmake
[1.656s] -- Up-to-date: /home/ubuntu/JK/ASU_Classes/MAE547/Project_ws/install/robot_model/share/robot_model/package.xml
[1.657s] Invoked command in '/home/ubuntu/JK/ASU_Classes/MAE547/Project_ws/build/robot_model' returned '0': CMAKE_PREFIX_PATH=${CMAKE_PREFIX_PATH}:/home/ubuntu/ros2_cws/install/test_py:/home/ubuntu/ros2_cws/install/my_py_pkg:/home/ubuntu/JK/ASU_Classes/MAE547/Project_ws/install/robot_controls:/opt/ros/humble /usr/bin/cmake --install /home/ubuntu/JK/ASU_Classes/MAE547/Project_ws/build/robot_model
