running egg_info
creating ../../build/robot_controls/robot_controls.egg-info
writing ../../build/robot_controls/robot_controls.egg-info/PKG-INFO
writing dependency_links to ../../build/robot_controls/robot_controls.egg-info/dependency_links.txt
writing entry points to ../../build/robot_controls/robot_controls.egg-info/entry_points.txt
writing requirements to ../../build/robot_controls/robot_controls.egg-info/requires.txt
writing top-level names to ../../build/robot_controls/robot_controls.egg-info/top_level.txt
writing manifest file '../../build/robot_controls/robot_controls.egg-info/SOURCES.txt'
reading manifest file '../../build/robot_controls/robot_controls.egg-info/SOURCES.txt'
writing manifest file '../../build/robot_controls/robot_controls.egg-info/SOURCES.txt'
running build
running build_py
creating /home/ubuntu/JK/ASU_Classes/MAE547/Project_ws/build/robot_controls/build
creating /home/ubuntu/JK/ASU_Classes/MAE547/Project_ws/build/robot_controls/build/lib
creating /home/ubuntu/JK/ASU_Classes/MAE547/Project_ws/build/robot_controls/build/lib/robot_controls
copying robot_controls/__init__.py -> /home/ubuntu/JK/ASU_Classes/MAE547/Project_ws/build/robot_controls/build/lib/robot_controls
running install
running install_lib
creating /home/ubuntu/JK/ASU_Classes/MAE547/Project_ws/install/robot_controls/lib/python3.10/site-packages/robot_controls
copying /home/ubuntu/JK/ASU_Classes/MAE547/Project_ws/build/robot_controls/build/lib/robot_controls/__init__.py -> /home/ubuntu/JK/ASU_Classes/MAE547/Project_ws/install/robot_controls/lib/python3.10/site-packages/robot_controls
byte-compiling /home/ubuntu/JK/ASU_Classes/MAE547/Project_ws/install/robot_controls/lib/python3.10/site-packages/robot_controls/__init__.py to __init__.cpython-310.pyc
running install_data
creating /home/ubuntu/JK/ASU_Classes/MAE547/Project_ws/install/robot_controls/share/ament_index
creating /home/ubuntu/JK/ASU_Classes/MAE547/Project_ws/install/robot_controls/share/ament_index/resource_index
creating /home/ubuntu/JK/ASU_Classes/MAE547/Project_ws/install/robot_controls/share/ament_index/resource_index/packages
copying resource/robot_controls -> /home/ubuntu/JK/ASU_Classes/MAE547/Project_ws/install/robot_controls/share/ament_index/resource_index/packages
copying package.xml -> /home/ubuntu/JK/ASU_Classes/MAE547/Project_ws/install/robot_controls/share/robot_controls
running install_egg_info
Copying ../../build/robot_controls/robot_controls.egg-info to /home/ubuntu/JK/ASU_Classes/MAE547/Project_ws/install/robot_controls/lib/python3.10/site-packages/robot_controls-0.0.0-py3.10.egg-info
running install_scripts
writing list of installed files to '/home/ubuntu/JK/ASU_Classes/MAE547/Project_ws/build/robot_controls/install.log'
