[2.226s] Invoking command in '/home/ubuntu/JK/ASU_Classes/MAE547/Project_ws/src/robot_controls': PYTHONPATH=/home/ubuntu/JK/ASU_Classes/MAE547/Project_ws/build/robot_controls/prefix_override:/home/ubuntu/JK/ASU_Classes/MAE547/Project_ws/install/robot_controls/lib/python3.10/site-packages:${PYTHONPATH} /usr/bin/python3 setup.py egg_info --egg-base ../../build/robot_controls build --build-base /home/ubuntu/JK/ASU_Classes/MAE547/Project_ws/build/robot_controls/build install --record /home/ubuntu/JK/ASU_Classes/MAE547/Project_ws/build/robot_controls/install.log --single-version-externally-managed
[2.402s] running egg_info
[2.402s] creating ../../build/robot_controls/robot_controls.egg-info
[2.402s] writing ../../build/robot_controls/robot_controls.egg-info/PKG-INFO
[2.403s] writing dependency_links to ../../build/robot_controls/robot_controls.egg-info/dependency_links.txt
[2.403s] writing entry points to ../../build/robot_controls/robot_controls.egg-info/entry_points.txt
[2.403s] writing requirements to ../../build/robot_controls/robot_controls.egg-info/requires.txt
[2.403s] writing top-level names to ../../build/robot_controls/robot_controls.egg-info/top_level.txt
[2.403s] writing manifest file '../../build/robot_controls/robot_controls.egg-info/SOURCES.txt'
[2.404s] reading manifest file '../../build/robot_controls/robot_controls.egg-info/SOURCES.txt'
[2.405s] writing manifest file '../../build/robot_controls/robot_controls.egg-info/SOURCES.txt'
[2.405s] running build
[2.405s] running build_py
[2.405s] creating /home/ubuntu/JK/ASU_Classes/MAE547/Project_ws/build/robot_controls/build
[2.405s] creating /home/ubuntu/JK/ASU_Classes/MAE547/Project_ws/build/robot_controls/build/lib
[2.406s] creating /home/ubuntu/JK/ASU_Classes/MAE547/Project_ws/build/robot_controls/build/lib/robot_controls
[2.406s] copying robot_controls/__init__.py -> /home/ubuntu/JK/ASU_Classes/MAE547/Project_ws/build/robot_controls/build/lib/robot_controls
[2.406s] running install
[2.406s] running install_lib
[2.406s] creating /home/ubuntu/JK/ASU_Classes/MAE547/Project_ws/install/robot_controls/lib/python3.10/site-packages/robot_controls
[2.406s] copying /home/ubuntu/JK/ASU_Classes/MAE547/Project_ws/build/robot_controls/build/lib/robot_controls/__init__.py -> /home/ubuntu/JK/ASU_Classes/MAE547/Project_ws/install/robot_controls/lib/python3.10/site-packages/robot_controls
[2.406s] byte-compiling /home/ubuntu/JK/ASU_Classes/MAE547/Project_ws/install/robot_controls/lib/python3.10/site-packages/robot_controls/__init__.py to __init__.cpython-310.pyc
[2.407s] running install_data
[2.407s] creating /home/ubuntu/JK/ASU_Classes/MAE547/Project_ws/install/robot_controls/share/ament_index
[2.407s] creating /home/ubuntu/JK/ASU_Classes/MAE547/Project_ws/install/robot_controls/share/ament_index/resource_index
[2.407s] creating /home/ubuntu/JK/ASU_Classes/MAE547/Project_ws/install/robot_controls/share/ament_index/resource_index/packages
[2.407s] copying resource/robot_controls -> /home/ubuntu/JK/ASU_Classes/MAE547/Project_ws/install/robot_controls/share/ament_index/resource_index/packages
[2.407s] copying package.xml -> /home/ubuntu/JK/ASU_Classes/MAE547/Project_ws/install/robot_controls/share/robot_controls
[2.408s] running install_egg_info
[2.409s] Copying ../../build/robot_controls/robot_controls.egg-info to /home/ubuntu/JK/ASU_Classes/MAE547/Project_ws/install/robot_controls/lib/python3.10/site-packages/robot_controls-0.0.0-py3.10.egg-info
[2.409s] running install_scripts
[2.425s] writing list of installed files to '/home/ubuntu/JK/ASU_Classes/MAE547/Project_ws/build/robot_controls/install.log'
[2.445s] Invoked command in '/home/ubuntu/JK/ASU_Classes/MAE547/Project_ws/src/robot_controls' returned '0': PYTHONPATH=/home/ubuntu/JK/ASU_Classes/MAE547/Project_ws/build/robot_controls/prefix_override:/home/ubuntu/JK/ASU_Classes/MAE547/Project_ws/install/robot_controls/lib/python3.10/site-packages:${PYTHONPATH} /usr/bin/python3 setup.py egg_info --egg-base ../../build/robot_controls build --build-base /home/ubuntu/JK/ASU_Classes/MAE547/Project_ws/build/robot_controls/build install --record /home/ubuntu/JK/ASU_Classes/MAE547/Project_ws/build/robot_controls/install.log --single-version-externally-managed
