[2.873s] DEBUG:colcon:Command line arguments: ['/usr/bin/colcon', 'build']
[2.874s] DEBUG:colcon:Parsed command line arguments: Namespace(log_base=None, log_level=None, verb_name='build', build_base='build', install_base='install', merge_install=False, symlink_install=False, test_result_base=None, continue_on_error=False, executor='parallel', parallel_workers=12, event_handlers=None, ignore_user_meta=False, metas=['./colcon.meta'], base_paths=['.'], packages_ignore=None, packages_ignore_regex=None, paths=None, packages_up_to=None, packages_up_to_regex=None, packages_above=None, packages_above_and_dependencies=None, packages_above_depth=None, packages_select_by_dep=None, packages_skip_by_dep=None, packages_skip_up_to=None, packages_select_build_failed=False, packages_skip_build_finished=False, packages_select_test_failures=False, packages_skip_test_passed=False, packages_select=None, packages_skip=None, packages_select_regex=None, packages_skip_regex=None, packages_start=None, packages_end=None, allow_overriding=[], cmake_args=None, cmake_target=None, cmake_target_skip_unavailable=False, cmake_clean_cache=False, cmake_clean_first=False, cmake_force_configure=False, ament_cmake_args=None, catkin_cmake_args=None, catkin_skip_building_tests=False, verb_parser=<colcon_defaults.argument_parser.defaults.DefaultArgumentsDecorator object at 0x7f329d5e33d0>, verb_extension=<colcon_core.verb.build.BuildVerb object at 0x7f329d5e3b50>, main=<bound method BuildVerb.main of <colcon_core.verb.build.BuildVerb object at 0x7f329d5e3b50>>)
[2.902s] Level 1:colcon.colcon_core.package_discovery:discover_packages(colcon_meta) check parameters
[2.902s] Level 1:colcon.colcon_core.package_discovery:discover_packages(recursive) check parameters
[2.903s] Level 1:colcon.colcon_core.package_discovery:discover_packages(ignore) check parameters
[2.903s] Level 1:colcon.colcon_core.package_discovery:discover_packages(path) check parameters
[2.903s] Level 1:colcon.colcon_core.package_discovery:discover_packages(colcon_meta) discover
[2.903s] Level 1:colcon.colcon_core.package_discovery:discover_packages(recursive) discover
[2.903s] INFO:colcon.colcon_core.package_discovery:Crawling recursively for packages in '/home/ubuntu/JK/ASU_Classes/MAE547/Project_ws'
[2.903s] Level 1:colcon.colcon_core.package_identification:_identify(.) by extensions ['ignore', 'ignore_ament_install']
[2.903s] Level 1:colcon.colcon_core.package_identification:_identify(.) by extension 'ignore'
[2.903s] Level 1:colcon.colcon_core.package_identification:_identify(.) by extension 'ignore_ament_install'
[2.903s] Level 1:colcon.colcon_core.package_identification:_identify(.) by extensions ['colcon_pkg']
[2.903s] Level 1:colcon.colcon_core.package_identification:_identify(.) by extension 'colcon_pkg'
[2.903s] Level 1:colcon.colcon_core.package_identification:_identify(.) by extensions ['colcon_meta']
[2.903s] Level 1:colcon.colcon_core.package_identification:_identify(.) by extension 'colcon_meta'
[2.903s] Level 1:colcon.colcon_core.package_identification:_identify(.) by extensions ['ros']
[2.903s] Level 1:colcon.colcon_core.package_identification:_identify(.) by extension 'ros'
[2.911s] Level 1:colcon.colcon_core.package_identification:_identify(.) by extensions ['cmake', 'python']
[2.911s] Level 1:colcon.colcon_core.package_identification:_identify(.) by extension 'cmake'
[2.911s] Level 1:colcon.colcon_core.package_identification:_identify(.) by extension 'python'
[2.911s] Level 1:colcon.colcon_core.package_identification:_identify(.) by extensions ['python_setup_py']
[2.911s] Level 1:colcon.colcon_core.package_identification:_identify(.) by extension 'python_setup_py'
[2.911s] Level 1:colcon.colcon_core.package_identification:_identify(build) by extensions ['ignore', 'ignore_ament_install']
[2.911s] Level 1:colcon.colcon_core.package_identification:_identify(build) by extension 'ignore'
[2.911s] Level 1:colcon.colcon_core.package_identification:_identify(build) ignored
[2.911s] Level 1:colcon.colcon_core.package_identification:_identify(install) by extensions ['ignore', 'ignore_ament_install']
[2.911s] Level 1:colcon.colcon_core.package_identification:_identify(install) by extension 'ignore'
[2.911s] Level 1:colcon.colcon_core.package_identification:_identify(install) ignored
[2.911s] Level 1:colcon.colcon_core.package_identification:_identify(log) by extensions ['ignore', 'ignore_ament_install']
[2.911s] Level 1:colcon.colcon_core.package_identification:_identify(log) by extension 'ignore'
[2.911s] Level 1:colcon.colcon_core.package_identification:_identify(log) ignored
[2.911s] Level 1:colcon.colcon_core.package_identification:_identify(src) by extensions ['ignore', 'ignore_ament_install']
[2.911s] Level 1:colcon.colcon_core.package_identification:_identify(src) by extension 'ignore'
[2.911s] Level 1:colcon.colcon_core.package_identification:_identify(src) by extension 'ignore_ament_install'
[2.911s] Level 1:colcon.colcon_core.package_identification:_identify(src) by extensions ['colcon_pkg']
[2.911s] Level 1:colcon.colcon_core.package_identification:_identify(src) by extension 'colcon_pkg'
[2.911s] Level 1:colcon.colcon_core.package_identification:_identify(src) by extensions ['colcon_meta']
[2.911s] Level 1:colcon.colcon_core.package_identification:_identify(src) by extension 'colcon_meta'
[2.911s] Level 1:colcon.colcon_core.package_identification:_identify(src) by extensions ['ros']
[2.911s] Level 1:colcon.colcon_core.package_identification:_identify(src) by extension 'ros'
[2.911s] Level 1:colcon.colcon_core.package_identification:_identify(src) by extensions ['cmake', 'python']
[2.911s] Level 1:colcon.colcon_core.package_identification:_identify(src) by extension 'cmake'
[2.911s] Level 1:colcon.colcon_core.package_identification:_identify(src) by extension 'python'
[2.911s] Level 1:colcon.colcon_core.package_identification:_identify(src) by extensions ['python_setup_py']
[2.911s] Level 1:colcon.colcon_core.package_identification:_identify(src) by extension 'python_setup_py'
[2.912s] Level 1:colcon.colcon_core.package_identification:_identify(src/robot_controls) by extensions ['ignore', 'ignore_ament_install']
[2.912s] Level 1:colcon.colcon_core.package_identification:_identify(src/robot_controls) by extension 'ignore'
[2.912s] Level 1:colcon.colcon_core.package_identification:_identify(src/robot_controls) by extension 'ignore_ament_install'
[2.912s] Level 1:colcon.colcon_core.package_identification:_identify(src/robot_controls) by extensions ['colcon_pkg']
[2.912s] Level 1:colcon.colcon_core.package_identification:_identify(src/robot_controls) by extension 'colcon_pkg'
[2.912s] Level 1:colcon.colcon_core.package_identification:_identify(src/robot_controls) by extensions ['colcon_meta']
[2.912s] Level 1:colcon.colcon_core.package_identification:_identify(src/robot_controls) by extension 'colcon_meta'
[2.912s] Level 1:colcon.colcon_core.package_identification:_identify(src/robot_controls) by extensions ['ros']
[2.912s] Level 1:colcon.colcon_core.package_identification:_identify(src/robot_controls) by extension 'ros'
[2.914s] DEBUG:colcon.colcon_core.package_identification:Package 'src/robot_controls' with type 'ros.ament_python' and name 'robot_controls'
[2.914s] Level 1:colcon.colcon_core.package_identification:_identify(src/robot_model) by extensions ['ignore', 'ignore_ament_install']
[2.914s] Level 1:colcon.colcon_core.package_identification:_identify(src/robot_model) by extension 'ignore'
[2.914s] Level 1:colcon.colcon_core.package_identification:_identify(src/robot_model) by extension 'ignore_ament_install'
[2.914s] Level 1:colcon.colcon_core.package_identification:_identify(src/robot_model) by extensions ['colcon_pkg']
[2.914s] Level 1:colcon.colcon_core.package_identification:_identify(src/robot_model) by extension 'colcon_pkg'
[2.914s] Level 1:colcon.colcon_core.package_identification:_identify(src/robot_model) by extensions ['colcon_meta']
[2.914s] Level 1:colcon.colcon_core.package_identification:_identify(src/robot_model) by extension 'colcon_meta'
[2.914s] Level 1:colcon.colcon_core.package_identification:_identify(src/robot_model) by extensions ['ros']
[2.914s] Level 1:colcon.colcon_core.package_identification:_identify(src/robot_model) by extension 'ros'
[2.915s] DEBUG:colcon.colcon_core.package_identification:Package 'src/robot_model' with type 'ros.ament_cmake' and name 'robot_model'
[2.915s] Level 1:colcon.colcon_core.package_discovery:discover_packages(recursive) using defaults
[2.915s] Level 1:colcon.colcon_core.package_discovery:discover_packages(ignore) discover
[2.915s] Level 1:colcon.colcon_core.package_discovery:discover_packages(ignore) using defaults
[2.915s] Level 1:colcon.colcon_core.package_discovery:discover_packages(path) discover
[2.915s] Level 1:colcon.colcon_core.package_discovery:discover_packages(path) using defaults
[2.968s] Level 1:colcon.colcon_core.package_discovery:discover_packages(prefix_path) check parameters
[2.968s] Level 1:colcon.colcon_core.package_discovery:discover_packages(prefix_path) discover
[2.985s] DEBUG:colcon.colcon_installed_package_information.package_discovery:Found 2 installed packages in /home/ubuntu/JK/ASU_Classes/MAE547/Project_ws/install
[2.993s] DEBUG:colcon.colcon_installed_package_information.package_discovery:Found 4 installed packages in /home/ubuntu/ros2_cws/install
[3.007s] DEBUG:colcon.colcon_installed_package_information.package_discovery:Found 275 installed packages in /opt/ros/humble
[3.008s] Level 1:colcon.colcon_core.package_discovery:discover_packages(prefix_path) using defaults
[3.059s] Level 5:colcon.colcon_core.verb:set package 'robot_controls' build argument 'cmake_args' from command line to 'None'
[3.059s] Level 5:colcon.colcon_core.verb:set package 'robot_controls' build argument 'cmake_target' from command line to 'None'
[3.059s] Level 5:colcon.colcon_core.verb:set package 'robot_controls' build argument 'cmake_target_skip_unavailable' from command line to 'False'
[3.059s] Level 5:colcon.colcon_core.verb:set package 'robot_controls' build argument 'cmake_clean_cache' from command line to 'False'
[3.059s] Level 5:colcon.colcon_core.verb:set package 'robot_controls' build argument 'cmake_clean_first' from command line to 'False'
[3.059s] Level 5:colcon.colcon_core.verb:set package 'robot_controls' build argument 'cmake_force_configure' from command line to 'False'
[3.059s] Level 5:colcon.colcon_core.verb:set package 'robot_controls' build argument 'ament_cmake_args' from command line to 'None'
[3.059s] Level 5:colcon.colcon_core.verb:set package 'robot_controls' build argument 'catkin_cmake_args' from command line to 'None'
[3.059s] Level 5:colcon.colcon_core.verb:set package 'robot_controls' build argument 'catkin_skip_building_tests' from command line to 'False'
[3.059s] DEBUG:colcon.colcon_core.verb:Building package 'robot_controls' with the following arguments: {'ament_cmake_args': None, 'build_base': '/home/ubuntu/JK/ASU_Classes/MAE547/Project_ws/build/robot_controls', 'catkin_cmake_args': None, 'catkin_skip_building_tests': False, 'cmake_args': None, 'cmake_clean_cache': False, 'cmake_clean_first': False, 'cmake_force_configure': False, 'cmake_target': None, 'cmake_target_skip_unavailable': False, 'install_base': '/home/ubuntu/JK/ASU_Classes/MAE547/Project_ws/install/robot_controls', 'merge_install': False, 'path': '/home/ubuntu/JK/ASU_Classes/MAE547/Project_ws/src/robot_controls', 'symlink_install': False, 'test_result_base': None}
[3.067s] Level 5:colcon.colcon_core.verb:set package 'robot_model' build argument 'cmake_args' from command line to 'None'
[3.067s] Level 5:colcon.colcon_core.verb:set package 'robot_model' build argument 'cmake_target' from command line to 'None'
[3.067s] Level 5:colcon.colcon_core.verb:set package 'robot_model' build argument 'cmake_target_skip_unavailable' from command line to 'False'
[3.067s] Level 5:colcon.colcon_core.verb:set package 'robot_model' build argument 'cmake_clean_cache' from command line to 'False'
[3.067s] Level 5:colcon.colcon_core.verb:set package 'robot_model' build argument 'cmake_clean_first' from command line to 'False'
[3.067s] Level 5:colcon.colcon_core.verb:set package 'robot_model' build argument 'cmake_force_configure' from command line to 'False'
[3.067s] Level 5:colcon.colcon_core.verb:set package 'robot_model' build argument 'ament_cmake_args' from command line to 'None'
[3.067s] Level 5:colcon.colcon_core.verb:set package 'robot_model' build argument 'catkin_cmake_args' from command line to 'None'
[3.067s] Level 5:colcon.colcon_core.verb:set package 'robot_model' build argument 'catkin_skip_building_tests' from command line to 'False'
[3.067s] DEBUG:colcon.colcon_core.verb:Building package 'robot_model' with the following arguments: {'ament_cmake_args': None, 'build_base': '/home/ubuntu/JK/ASU_Classes/MAE547/Project_ws/build/robot_model', 'catkin_cmake_args': None, 'catkin_skip_building_tests': False, 'cmake_args': None, 'cmake_clean_cache': False, 'cmake_clean_first': False, 'cmake_force_configure': False, 'cmake_target': None, 'cmake_target_skip_unavailable': False, 'install_base': '/home/ubuntu/JK/ASU_Classes/MAE547/Project_ws/install/robot_model', 'merge_install': False, 'path': '/home/ubuntu/JK/ASU_Classes/MAE547/Project_ws/src/robot_model', 'symlink_install': False, 'test_result_base': None}
[3.074s] INFO:colcon.colcon_core.executor:Executing jobs using 'parallel' executor
[3.082s] DEBUG:colcon.colcon_parallel_executor.executor.parallel:run_until_complete
[3.082s] INFO:colcon.colcon_ros.task.ament_python.build:Building ROS package in '/home/ubuntu/JK/ASU_Classes/MAE547/Project_ws/src/robot_controls' with build type 'ament_python'
[3.083s] Level 1:colcon.colcon_core.shell:create_environment_hook('robot_controls', 'ament_prefix_path')
[3.091s] INFO:colcon.colcon_core.plugin_system:Skipping extension 'colcon_core.shell.bat': Not used on non-Windows systems
[3.091s] INFO:colcon.colcon_core.shell:Creating environment hook '/home/ubuntu/JK/ASU_Classes/MAE547/Project_ws/install/robot_controls/share/robot_controls/hook/ament_prefix_path.ps1'
[3.092s] INFO:colcon.colcon_core.shell:Creating environment descriptor '/home/ubuntu/JK/ASU_Classes/MAE547/Project_ws/install/robot_controls/share/robot_controls/hook/ament_prefix_path.dsv'
[3.092s] INFO:colcon.colcon_core.shell:Creating environment hook '/home/ubuntu/JK/ASU_Classes/MAE547/Project_ws/install/robot_controls/share/robot_controls/hook/ament_prefix_path.sh'
[3.100s] INFO:colcon.colcon_core.shell:Skip shell extension 'powershell' for command environment: Not usable outside of PowerShell
[3.100s] DEBUG:colcon.colcon_core.shell:Skip shell extension 'dsv' for command environment
[3.132s] INFO:colcon.colcon_ros.task.ament_cmake.build:Building ROS package in '/home/ubuntu/JK/ASU_Classes/MAE547/Project_ws/src/robot_model' with build type 'ament_cmake'
[3.132s] INFO:colcon.colcon_cmake.task.cmake.build:Building CMake package in '/home/ubuntu/JK/ASU_Classes/MAE547/Project_ws/src/robot_model'
[3.140s] INFO:colcon.colcon_core.shell:Skip shell extension 'powershell' for command environment: Not usable outside of PowerShell
[3.140s] DEBUG:colcon.colcon_core.shell:Skip shell extension 'dsv' for command environment
[3.335s] INFO:colcon.colcon_core.task.python.build:Building Python package in '/home/ubuntu/JK/ASU_Classes/MAE547/Project_ws/src/robot_controls'
[3.343s] INFO:colcon.colcon_core.shell:Skip shell extension 'powershell' for command environment: Not usable outside of PowerShell
[3.343s] DEBUG:colcon.colcon_core.shell:Skip shell extension 'dsv' for command environment
[3.376s] DEBUG:colcon.colcon_core.event_handler.log_command:Invoking command in '/home/ubuntu/JK/ASU_Classes/MAE547/Project_ws/build/robot_model': CMAKE_PREFIX_PATH=${CMAKE_PREFIX_PATH}:/home/ubuntu/ros2_cws/install/test_py:/home/ubuntu/ros2_cws/install/my_py_pkg:/home/ubuntu/JK/ASU_Classes/MAE547/Project_ws/install/robot_controls:/opt/ros/humble /usr/bin/cmake --build /home/ubuntu/JK/ASU_Classes/MAE547/Project_ws/build/robot_model -- -j12 -l12
[3.405s] DEBUG:colcon.colcon_core.event_handler.log_command:Invoked command in '/home/ubuntu/JK/ASU_Classes/MAE547/Project_ws/build/robot_model' returned '0': CMAKE_PREFIX_PATH=${CMAKE_PREFIX_PATH}:/home/ubuntu/ros2_cws/install/test_py:/home/ubuntu/ros2_cws/install/my_py_pkg:/home/ubuntu/JK/ASU_Classes/MAE547/Project_ws/install/robot_controls:/opt/ros/humble /usr/bin/cmake --build /home/ubuntu/JK/ASU_Classes/MAE547/Project_ws/build/robot_model -- -j12 -l12
[3.423s] DEBUG:colcon.colcon_core.event_handler.log_command:Invoking command in '/home/ubuntu/JK/ASU_Classes/MAE547/Project_ws/build/robot_model': CMAKE_PREFIX_PATH=${CMAKE_PREFIX_PATH}:/home/ubuntu/ros2_cws/install/test_py:/home/ubuntu/ros2_cws/install/my_py_pkg:/home/ubuntu/JK/ASU_Classes/MAE547/Project_ws/install/robot_controls:/opt/ros/humble /usr/bin/cmake --install /home/ubuntu/JK/ASU_Classes/MAE547/Project_ws/build/robot_model
[3.430s] Level 1:colcon.colcon_core.environment:create_environment_scripts_only(robot_model)
[3.432s] DEBUG:colcon.colcon_core.event_handler.log_command:Invoked command in '/home/ubuntu/JK/ASU_Classes/MAE547/Project_ws/build/robot_model' returned '0': CMAKE_PREFIX_PATH=${CMAKE_PREFIX_PATH}:/home/ubuntu/ros2_cws/install/test_py:/home/ubuntu/ros2_cws/install/my_py_pkg:/home/ubuntu/JK/ASU_Classes/MAE547/Project_ws/install/robot_controls:/opt/ros/humble /usr/bin/cmake --install /home/ubuntu/JK/ASU_Classes/MAE547/Project_ws/build/robot_model
[3.441s] Level 1:colcon.colcon_core.environment:checking '/home/ubuntu/JK/ASU_Classes/MAE547/Project_ws/install/robot_model' for CMake module files
[3.441s] Level 1:colcon.colcon_core.environment:checking '/home/ubuntu/JK/ASU_Classes/MAE547/Project_ws/install/robot_model' for CMake config files
[3.441s] Level 1:colcon.colcon_core.shell:create_environment_hook('robot_model', 'cmake_prefix_path')
[3.450s] INFO:colcon.colcon_core.shell:Creating environment hook '/home/ubuntu/JK/ASU_Classes/MAE547/Project_ws/install/robot_model/share/robot_model/hook/cmake_prefix_path.ps1'
[3.450s] INFO:colcon.colcon_core.shell:Creating environment descriptor '/home/ubuntu/JK/ASU_Classes/MAE547/Project_ws/install/robot_model/share/robot_model/hook/cmake_prefix_path.dsv'
[3.450s] INFO:colcon.colcon_core.shell:Creating environment hook '/home/ubuntu/JK/ASU_Classes/MAE547/Project_ws/install/robot_model/share/robot_model/hook/cmake_prefix_path.sh'
[3.450s] Level 1:colcon.colcon_core.environment:checking '/home/ubuntu/JK/ASU_Classes/MAE547/Project_ws/install/robot_model/bin'
[3.451s] Level 1:colcon.colcon_core.environment:checking '/home/ubuntu/JK/ASU_Classes/MAE547/Project_ws/install/robot_model/lib/pkgconfig/robot_model.pc'
[3.451s] Level 1:colcon.colcon_core.environment:checking '/home/ubuntu/JK/ASU_Classes/MAE547/Project_ws/install/robot_model/lib/python3.10/site-packages'
[3.451s] Level 1:colcon.colcon_core.environment:checking '/home/ubuntu/JK/ASU_Classes/MAE547/Project_ws/install/robot_model/bin'
[3.459s] INFO:colcon.colcon_core.shell:Creating package script '/home/ubuntu/JK/ASU_Classes/MAE547/Project_ws/install/robot_model/share/robot_model/package.ps1'
[3.459s] INFO:colcon.colcon_core.shell:Creating package descriptor '/home/ubuntu/JK/ASU_Classes/MAE547/Project_ws/install/robot_model/share/robot_model/package.dsv'
[3.460s] INFO:colcon.colcon_core.shell:Creating package script '/home/ubuntu/JK/ASU_Classes/MAE547/Project_ws/install/robot_model/share/robot_model/package.sh'
[3.460s] INFO:colcon.colcon_core.shell:Creating package script '/home/ubuntu/JK/ASU_Classes/MAE547/Project_ws/install/robot_model/share/robot_model/package.bash'
[3.460s] INFO:colcon.colcon_core.shell:Creating package script '/home/ubuntu/JK/ASU_Classes/MAE547/Project_ws/install/robot_model/share/robot_model/package.zsh'
[3.461s] Level 1:colcon.colcon_core.environment:create_file_with_runtime_dependencies(/home/ubuntu/JK/ASU_Classes/MAE547/Project_ws/install/robot_model/share/colcon-core/packages/robot_model)
[3.483s] Level 1:colcon.colcon_core.environment:create_environment_scripts_only(robot_model)
[3.491s] Level 1:colcon.colcon_core.environment:checking '/home/ubuntu/JK/ASU_Classes/MAE547/Project_ws/install/robot_model' for CMake module files
[3.491s] Level 1:colcon.colcon_core.environment:checking '/home/ubuntu/JK/ASU_Classes/MAE547/Project_ws/install/robot_model' for CMake config files
[3.491s] Level 1:colcon.colcon_core.shell:create_environment_hook('robot_model', 'cmake_prefix_path')
[3.499s] INFO:colcon.colcon_core.shell:Creating environment hook '/home/ubuntu/JK/ASU_Classes/MAE547/Project_ws/install/robot_model/share/robot_model/hook/cmake_prefix_path.ps1'
[3.499s] INFO:colcon.colcon_core.shell:Creating environment descriptor '/home/ubuntu/JK/ASU_Classes/MAE547/Project_ws/install/robot_model/share/robot_model/hook/cmake_prefix_path.dsv'
[3.500s] INFO:colcon.colcon_core.shell:Creating environment hook '/home/ubuntu/JK/ASU_Classes/MAE547/Project_ws/install/robot_model/share/robot_model/hook/cmake_prefix_path.sh'
[3.500s] Level 1:colcon.colcon_core.environment:checking '/home/ubuntu/JK/ASU_Classes/MAE547/Project_ws/install/robot_model/bin'
[3.500s] Level 1:colcon.colcon_core.environment:checking '/home/ubuntu/JK/ASU_Classes/MAE547/Project_ws/install/robot_model/lib/pkgconfig/robot_model.pc'
[3.500s] Level 1:colcon.colcon_core.environment:checking '/home/ubuntu/JK/ASU_Classes/MAE547/Project_ws/install/robot_model/lib/python3.10/site-packages'
[3.500s] Level 1:colcon.colcon_core.environment:checking '/home/ubuntu/JK/ASU_Classes/MAE547/Project_ws/install/robot_model/bin'
[3.509s] INFO:colcon.colcon_core.shell:Creating package script '/home/ubuntu/JK/ASU_Classes/MAE547/Project_ws/install/robot_model/share/robot_model/package.ps1'
[3.510s] INFO:colcon.colcon_core.shell:Creating package descriptor '/home/ubuntu/JK/ASU_Classes/MAE547/Project_ws/install/robot_model/share/robot_model/package.dsv'
[3.510s] INFO:colcon.colcon_core.shell:Creating package script '/home/ubuntu/JK/ASU_Classes/MAE547/Project_ws/install/robot_model/share/robot_model/package.sh'
[3.511s] INFO:colcon.colcon_core.shell:Creating package script '/home/ubuntu/JK/ASU_Classes/MAE547/Project_ws/install/robot_model/share/robot_model/package.bash'
[3.511s] INFO:colcon.colcon_core.shell:Creating package script '/home/ubuntu/JK/ASU_Classes/MAE547/Project_ws/install/robot_model/share/robot_model/package.zsh'
[3.511s] Level 1:colcon.colcon_core.environment:create_file_with_runtime_dependencies(/home/ubuntu/JK/ASU_Classes/MAE547/Project_ws/install/robot_model/share/colcon-core/packages/robot_model)
[3.616s] DEBUG:colcon.colcon_core.event_handler.log_command:Invoking command in '/home/ubuntu/JK/ASU_Classes/MAE547/Project_ws/src/robot_controls': PYTHONPATH=/home/ubuntu/JK/ASU_Classes/MAE547/Project_ws/build/robot_controls/prefix_override:/home/ubuntu/JK/ASU_Classes/MAE547/Project_ws/install/robot_controls/lib/python3.10/site-packages:${PYTHONPATH} /usr/bin/python3 setup.py egg_info --egg-base ../../build/robot_controls build --build-base /home/ubuntu/JK/ASU_Classes/MAE547/Project_ws/build/robot_controls/build install --record /home/ubuntu/JK/ASU_Classes/MAE547/Project_ws/build/robot_controls/install.log --single-version-externally-managed
[3.801s] DEBUG:colcon.colcon_core.event_handler.log_command:Invoked command in '/home/ubuntu/JK/ASU_Classes/MAE547/Project_ws/src/robot_controls' returned '0': PYTHONPATH=/home/ubuntu/JK/ASU_Classes/MAE547/Project_ws/build/robot_controls/prefix_override:/home/ubuntu/JK/ASU_Classes/MAE547/Project_ws/install/robot_controls/lib/python3.10/site-packages:${PYTHONPATH} /usr/bin/python3 setup.py egg_info --egg-base ../../build/robot_controls build --build-base /home/ubuntu/JK/ASU_Classes/MAE547/Project_ws/build/robot_controls/build install --record /home/ubuntu/JK/ASU_Classes/MAE547/Project_ws/build/robot_controls/install.log --single-version-externally-managed
[3.810s] Level 1:colcon.colcon_core.environment:checking '/home/ubuntu/JK/ASU_Classes/MAE547/Project_ws/install/robot_controls' for CMake module files
[3.810s] Level 1:colcon.colcon_core.environment:checking '/home/ubuntu/JK/ASU_Classes/MAE547/Project_ws/install/robot_controls' for CMake config files
[3.810s] Level 1:colcon.colcon_core.environment:checking '/home/ubuntu/JK/ASU_Classes/MAE547/Project_ws/install/robot_controls/lib'
[3.811s] Level 1:colcon.colcon_core.environment:checking '/home/ubuntu/JK/ASU_Classes/MAE547/Project_ws/install/robot_controls/bin'
[3.811s] Level 1:colcon.colcon_core.environment:checking '/home/ubuntu/JK/ASU_Classes/MAE547/Project_ws/install/robot_controls/lib/pkgconfig/robot_controls.pc'
[3.811s] Level 1:colcon.colcon_core.environment:checking '/home/ubuntu/JK/ASU_Classes/MAE547/Project_ws/install/robot_controls/lib/python3.10/site-packages'
[3.811s] Level 1:colcon.colcon_core.shell:create_environment_hook('robot_controls', 'pythonpath')
[3.818s] INFO:colcon.colcon_core.shell:Creating environment hook '/home/ubuntu/JK/ASU_Classes/MAE547/Project_ws/install/robot_controls/share/robot_controls/hook/pythonpath.ps1'
[3.818s] INFO:colcon.colcon_core.shell:Creating environment descriptor '/home/ubuntu/JK/ASU_Classes/MAE547/Project_ws/install/robot_controls/share/robot_controls/hook/pythonpath.dsv'
[3.819s] INFO:colcon.colcon_core.shell:Creating environment hook '/home/ubuntu/JK/ASU_Classes/MAE547/Project_ws/install/robot_controls/share/robot_controls/hook/pythonpath.sh'
[3.819s] Level 1:colcon.colcon_core.environment:checking '/home/ubuntu/JK/ASU_Classes/MAE547/Project_ws/install/robot_controls/bin'
[3.819s] Level 1:colcon.colcon_core.environment:create_environment_scripts_only(robot_controls)
[3.826s] INFO:colcon.colcon_core.shell:Creating package script '/home/ubuntu/JK/ASU_Classes/MAE547/Project_ws/install/robot_controls/share/robot_controls/package.ps1'
[3.827s] INFO:colcon.colcon_core.shell:Creating package descriptor '/home/ubuntu/JK/ASU_Classes/MAE547/Project_ws/install/robot_controls/share/robot_controls/package.dsv'
[3.827s] INFO:colcon.colcon_core.shell:Creating package script '/home/ubuntu/JK/ASU_Classes/MAE547/Project_ws/install/robot_controls/share/robot_controls/package.sh'
[3.827s] INFO:colcon.colcon_core.shell:Creating package script '/home/ubuntu/JK/ASU_Classes/MAE547/Project_ws/install/robot_controls/share/robot_controls/package.bash'
[3.827s] INFO:colcon.colcon_core.shell:Creating package script '/home/ubuntu/JK/ASU_Classes/MAE547/Project_ws/install/robot_controls/share/robot_controls/package.zsh'
[3.827s] Level 1:colcon.colcon_core.environment:create_file_with_runtime_dependencies(/home/ubuntu/JK/ASU_Classes/MAE547/Project_ws/install/robot_controls/share/colcon-core/packages/robot_controls)
[3.827s] DEBUG:colcon.colcon_parallel_executor.executor.parallel:closing loop
[3.828s] DEBUG:colcon.colcon_parallel_executor.executor.parallel:loop closed
[3.828s] DEBUG:colcon.colcon_parallel_executor.executor.parallel:run_until_complete finished with '0'
[3.828s] DEBUG:colcon.colcon_core.event_reactor:joining thread
[3.840s] INFO:colcon.colcon_core.plugin_system:Skipping extension 'colcon_notification.desktop_notification.terminal_notifier': Not used on non-Darwin systems
[3.840s] INFO:colcon.colcon_core.plugin_system:Skipping extension 'colcon_notification.desktop_notification.win32': Not used on non-Windows systems
[3.840s] INFO:colcon.colcon_notification.desktop_notification:Sending desktop notification using 'notify2'
[3.851s] DEBUG:colcon.colcon_core.event_reactor:joined thread
[3.860s] INFO:colcon.colcon_core.shell:Creating prefix script '/home/ubuntu/JK/ASU_Classes/MAE547/Project_ws/install/local_setup.ps1'
[3.860s] INFO:colcon.colcon_core.shell:Creating prefix util module '/home/ubuntu/JK/ASU_Classes/MAE547/Project_ws/install/_local_setup_util_ps1.py'
[3.861s] INFO:colcon.colcon_core.shell:Creating prefix chain script '/home/ubuntu/JK/ASU_Classes/MAE547/Project_ws/install/setup.ps1'
[3.869s] INFO:colcon.colcon_core.shell:Creating prefix script '/home/ubuntu/JK/ASU_Classes/MAE547/Project_ws/install/local_setup.sh'
[3.869s] INFO:colcon.colcon_core.shell:Creating prefix util module '/home/ubuntu/JK/ASU_Classes/MAE547/Project_ws/install/_local_setup_util_sh.py'
[3.869s] INFO:colcon.colcon_core.shell:Creating prefix chain script '/home/ubuntu/JK/ASU_Classes/MAE547/Project_ws/install/setup.sh'
[3.878s] INFO:colcon.colcon_core.shell:Creating prefix script '/home/ubuntu/JK/ASU_Classes/MAE547/Project_ws/install/local_setup.bash'
[3.878s] INFO:colcon.colcon_core.shell:Creating prefix chain script '/home/ubuntu/JK/ASU_Classes/MAE547/Project_ws/install/setup.bash'
[3.886s] INFO:colcon.colcon_core.shell:Creating prefix script '/home/ubuntu/JK/ASU_Classes/MAE547/Project_ws/install/local_setup.zsh'
[3.886s] INFO:colcon.colcon_core.shell:Creating prefix chain script '/home/ubuntu/JK/ASU_Classes/MAE547/Project_ws/install/setup.zsh'
