[0.602s] DEBUG:colcon:Command line arguments: ['/usr/bin/colcon', 'build']
[0.602s] DEBUG:colcon:Parsed command line arguments: Namespace(log_base=None, log_level=None, verb_name='build', build_base='build', install_base='install', merge_install=False, symlink_install=False, test_result_base=None, continue_on_error=False, executor='parallel', parallel_workers=12, event_handlers=None, ignore_user_meta=False, metas=['./colcon.meta'], base_paths=['.'], packages_ignore=None, packages_ignore_regex=None, paths=None, packages_up_to=None, packages_up_to_regex=None, packages_above=None, packages_above_and_dependencies=None, packages_above_depth=None, packages_select_by_dep=None, packages_skip_by_dep=None, packages_skip_up_to=None, packages_select_build_failed=False, packages_skip_build_finished=False, packages_select_test_failures=False, packages_skip_test_passed=False, packages_select=None, packages_skip=None, packages_select_regex=None, packages_skip_regex=None, packages_start=None, packages_end=None, allow_overriding=[], cmake_args=None, cmake_target=None, cmake_target_skip_unavailable=False, cmake_clean_cache=False, cmake_clean_first=False, cmake_force_configure=False, ament_cmake_args=None, catkin_cmake_args=None, catkin_skip_building_tests=False, verb_parser=<colcon_defaults.argument_parser.defaults.DefaultArgumentsDecorator object at 0x7f1a5af8b460>, verb_extension=<colcon_core.verb.build.BuildVerb object at 0x7f1a5af8bbe0>, main=<bound method BuildVerb.main of <colcon_core.verb.build.BuildVerb object at 0x7f1a5af8bbe0>>)
[0.629s] Level 1:colcon.colcon_core.package_discovery:discover_packages(colcon_meta) check parameters
[0.629s] Level 1:colcon.colcon_core.package_discovery:discover_packages(recursive) check parameters
[0.629s] Level 1:colcon.colcon_core.package_discovery:discover_packages(ignore) check parameters
[0.629s] Level 1:colcon.colcon_core.package_discovery:discover_packages(path) check parameters
[0.629s] Level 1:colcon.colcon_core.package_discovery:discover_packages(colcon_meta) discover
[0.629s] Level 1:colcon.colcon_core.package_discovery:discover_packages(recursive) discover
[0.629s] INFO:colcon.colcon_core.package_discovery:Crawling recursively for packages in '/home/ubuntu/JK/ASU_Classes/MAE547/Project_ws'
[0.629s] Level 1:colcon.colcon_core.package_identification:_identify(.) by extensions ['ignore', 'ignore_ament_install']
[0.629s] Level 1:colcon.colcon_core.package_identification:_identify(.) by extension 'ignore'
[0.629s] Level 1:colcon.colcon_core.package_identification:_identify(.) by extension 'ignore_ament_install'
[0.629s] Level 1:colcon.colcon_core.package_identification:_identify(.) by extensions ['colcon_pkg']
[0.629s] Level 1:colcon.colcon_core.package_identification:_identify(.) by extension 'colcon_pkg'
[0.629s] Level 1:colcon.colcon_core.package_identification:_identify(.) by extensions ['colcon_meta']
[0.629s] Level 1:colcon.colcon_core.package_identification:_identify(.) by extension 'colcon_meta'
[0.629s] Level 1:colcon.colcon_core.package_identification:_identify(.) by extensions ['ros']
[0.629s] Level 1:colcon.colcon_core.package_identification:_identify(.) by extension 'ros'
[0.636s] Level 1:colcon.colcon_core.package_identification:_identify(.) by extensions ['cmake', 'python']
[0.636s] Level 1:colcon.colcon_core.package_identification:_identify(.) by extension 'cmake'
[0.636s] Level 1:colcon.colcon_core.package_identification:_identify(.) by extension 'python'
[0.636s] Level 1:colcon.colcon_core.package_identification:_identify(.) by extensions ['python_setup_py']
[0.636s] Level 1:colcon.colcon_core.package_identification:_identify(.) by extension 'python_setup_py'
[0.636s] Level 1:colcon.colcon_core.package_identification:_identify(build) by extensions ['ignore', 'ignore_ament_install']
[0.636s] Level 1:colcon.colcon_core.package_identification:_identify(build) by extension 'ignore'
[0.636s] Level 1:colcon.colcon_core.package_identification:_identify(build) ignored
[0.636s] Level 1:colcon.colcon_core.package_identification:_identify(install) by extensions ['ignore', 'ignore_ament_install']
[0.636s] Level 1:colcon.colcon_core.package_identification:_identify(install) by extension 'ignore'
[0.636s] Level 1:colcon.colcon_core.package_identification:_identify(install) ignored
[0.637s] Level 1:colcon.colcon_core.package_identification:_identify(log) by extensions ['ignore', 'ignore_ament_install']
[0.637s] Level 1:colcon.colcon_core.package_identification:_identify(log) by extension 'ignore'
[0.637s] Level 1:colcon.colcon_core.package_identification:_identify(log) ignored
[0.637s] Level 1:colcon.colcon_core.package_identification:_identify(src) by extensions ['ignore', 'ignore_ament_install']
[0.637s] Level 1:colcon.colcon_core.package_identification:_identify(src) by extension 'ignore'
[0.637s] Level 1:colcon.colcon_core.package_identification:_identify(src) by extension 'ignore_ament_install'
[0.637s] Level 1:colcon.colcon_core.package_identification:_identify(src) by extensions ['colcon_pkg']
[0.637s] Level 1:colcon.colcon_core.package_identification:_identify(src) by extension 'colcon_pkg'
[0.637s] Level 1:colcon.colcon_core.package_identification:_identify(src) by extensions ['colcon_meta']
[0.637s] Level 1:colcon.colcon_core.package_identification:_identify(src) by extension 'colcon_meta'
[0.637s] Level 1:colcon.colcon_core.package_identification:_identify(src) by extensions ['ros']
[0.637s] Level 1:colcon.colcon_core.package_identification:_identify(src) by extension 'ros'
[0.637s] Level 1:colcon.colcon_core.package_identification:_identify(src) by extensions ['cmake', 'python']
[0.637s] Level 1:colcon.colcon_core.package_identification:_identify(src) by extension 'cmake'
[0.637s] Level 1:colcon.colcon_core.package_identification:_identify(src) by extension 'python'
[0.637s] Level 1:colcon.colcon_core.package_identification:_identify(src) by extensions ['python_setup_py']
[0.637s] Level 1:colcon.colcon_core.package_identification:_identify(src) by extension 'python_setup_py'
[0.637s] Level 1:colcon.colcon_core.package_identification:_identify(src/robot_controls) by extensions ['ignore', 'ignore_ament_install']
[0.637s] Level 1:colcon.colcon_core.package_identification:_identify(src/robot_controls) by extension 'ignore'
[0.637s] Level 1:colcon.colcon_core.package_identification:_identify(src/robot_controls) by extension 'ignore_ament_install'
[0.637s] Level 1:colcon.colcon_core.package_identification:_identify(src/robot_controls) by extensions ['colcon_pkg']
[0.637s] Level 1:colcon.colcon_core.package_identification:_identify(src/robot_controls) by extension 'colcon_pkg'
[0.637s] Level 1:colcon.colcon_core.package_identification:_identify(src/robot_controls) by extensions ['colcon_meta']
[0.637s] Level 1:colcon.colcon_core.package_identification:_identify(src/robot_controls) by extension 'colcon_meta'
[0.637s] Level 1:colcon.colcon_core.package_identification:_identify(src/robot_controls) by extensions ['ros']
[0.637s] Level 1:colcon.colcon_core.package_identification:_identify(src/robot_controls) by extension 'ros'
[0.639s] DEBUG:colcon.colcon_core.package_identification:Package 'src/robot_controls' with type 'ros.ament_python' and name 'robot_controls'
[0.639s] Level 1:colcon.colcon_core.package_identification:_identify(src/robot_model) by extensions ['ignore', 'ignore_ament_install']
[0.639s] Level 1:colcon.colcon_core.package_identification:_identify(src/robot_model) by extension 'ignore'
[0.639s] Level 1:colcon.colcon_core.package_identification:_identify(src/robot_model) by extension 'ignore_ament_install'
[0.639s] Level 1:colcon.colcon_core.package_identification:_identify(src/robot_model) by extensions ['colcon_pkg']
[0.639s] Level 1:colcon.colcon_core.package_identification:_identify(src/robot_model) by extension 'colcon_pkg'
[0.639s] Level 1:colcon.colcon_core.package_identification:_identify(src/robot_model) by extensions ['colcon_meta']
[0.639s] Level 1:colcon.colcon_core.package_identification:_identify(src/robot_model) by extension 'colcon_meta'
[0.639s] Level 1:colcon.colcon_core.package_identification:_identify(src/robot_model) by extensions ['ros']
[0.639s] Level 1:colcon.colcon_core.package_identification:_identify(src/robot_model) by extension 'ros'
[0.640s] DEBUG:colcon.colcon_core.package_identification:Package 'src/robot_model' with type 'ros.ament_cmake' and name 'robot_model'
[0.640s] Level 1:colcon.colcon_core.package_discovery:discover_packages(recursive) using defaults
[0.640s] Level 1:colcon.colcon_core.package_discovery:discover_packages(ignore) discover
[0.640s] Level 1:colcon.colcon_core.package_discovery:discover_packages(ignore) using defaults
[0.640s] Level 1:colcon.colcon_core.package_discovery:discover_packages(path) discover
[0.640s] Level 1:colcon.colcon_core.package_discovery:discover_packages(path) using defaults
[0.689s] Level 1:colcon.colcon_core.package_discovery:discover_packages(prefix_path) check parameters
[0.689s] Level 1:colcon.colcon_core.package_discovery:discover_packages(prefix_path) discover
[0.705s] DEBUG:colcon.colcon_installed_package_information.package_discovery:Found 2 installed packages in /home/ubuntu/JK/ASU_Classes/MAE547/Project_ws/install
[0.712s] DEBUG:colcon.colcon_installed_package_information.package_discovery:Found 4 installed packages in /home/ubuntu/ros2_cws/install
[0.727s] DEBUG:colcon.colcon_installed_package_information.package_discovery:Found 275 installed packages in /opt/ros/humble
[0.727s] Level 1:colcon.colcon_core.package_discovery:discover_packages(prefix_path) using defaults
[0.776s] Level 5:colcon.colcon_core.verb:set package 'robot_controls' build argument 'cmake_args' from command line to 'None'
[0.776s] Level 5:colcon.colcon_core.verb:set package 'robot_controls' build argument 'cmake_target' from command line to 'None'
[0.776s] Level 5:colcon.colcon_core.verb:set package 'robot_controls' build argument 'cmake_target_skip_unavailable' from command line to 'False'
[0.776s] Level 5:colcon.colcon_core.verb:set package 'robot_controls' build argument 'cmake_clean_cache' from command line to 'False'
[0.776s] Level 5:colcon.colcon_core.verb:set package 'robot_controls' build argument 'cmake_clean_first' from command line to 'False'
[0.776s] Level 5:colcon.colcon_core.verb:set package 'robot_controls' build argument 'cmake_force_configure' from command line to 'False'
[0.776s] Level 5:colcon.colcon_core.verb:set package 'robot_controls' build argument 'ament_cmake_args' from command line to 'None'
[0.776s] Level 5:colcon.colcon_core.verb:set package 'robot_controls' build argument 'catkin_cmake_args' from command line to 'None'
[0.776s] Level 5:colcon.colcon_core.verb:set package 'robot_controls' build argument 'catkin_skip_building_tests' from command line to 'False'
[0.776s] DEBUG:colcon.colcon_core.verb:Building package 'robot_controls' with the following arguments: {'ament_cmake_args': None, 'build_base': '/home/ubuntu/JK/ASU_Classes/MAE547/Project_ws/build/robot_controls', 'catkin_cmake_args': None, 'catkin_skip_building_tests': False, 'cmake_args': None, 'cmake_clean_cache': False, 'cmake_clean_first': False, 'cmake_force_configure': False, 'cmake_target': None, 'cmake_target_skip_unavailable': False, 'install_base': '/home/ubuntu/JK/ASU_Classes/MAE547/Project_ws/install/robot_controls', 'merge_install': False, 'path': '/home/ubuntu/JK/ASU_Classes/MAE547/Project_ws/src/robot_controls', 'symlink_install': False, 'test_result_base': None}
[0.784s] Level 5:colcon.colcon_core.verb:set package 'robot_model' build argument 'cmake_args' from command line to 'None'
[0.784s] Level 5:colcon.colcon_core.verb:set package 'robot_model' build argument 'cmake_target' from command line to 'None'
[0.784s] Level 5:colcon.colcon_core.verb:set package 'robot_model' build argument 'cmake_target_skip_unavailable' from command line to 'False'
[0.784s] Level 5:colcon.colcon_core.verb:set package 'robot_model' build argument 'cmake_clean_cache' from command line to 'False'
[0.784s] Level 5:colcon.colcon_core.verb:set package 'robot_model' build argument 'cmake_clean_first' from command line to 'False'
[0.784s] Level 5:colcon.colcon_core.verb:set package 'robot_model' build argument 'cmake_force_configure' from command line to 'False'
[0.784s] Level 5:colcon.colcon_core.verb:set package 'robot_model' build argument 'ament_cmake_args' from command line to 'None'
[0.784s] Level 5:colcon.colcon_core.verb:set package 'robot_model' build argument 'catkin_cmake_args' from command line to 'None'
[0.784s] Level 5:colcon.colcon_core.verb:set package 'robot_model' build argument 'catkin_skip_building_tests' from command line to 'False'
[0.784s] DEBUG:colcon.colcon_core.verb:Building package 'robot_model' with the following arguments: {'ament_cmake_args': None, 'build_base': '/home/ubuntu/JK/ASU_Classes/MAE547/Project_ws/build/robot_model', 'catkin_cmake_args': None, 'catkin_skip_building_tests': False, 'cmake_args': None, 'cmake_clean_cache': False, 'cmake_clean_first': False, 'cmake_force_configure': False, 'cmake_target': None, 'cmake_target_skip_unavailable': False, 'install_base': '/home/ubuntu/JK/ASU_Classes/MAE547/Project_ws/install/robot_model', 'merge_install': False, 'path': '/home/ubuntu/JK/ASU_Classes/MAE547/Project_ws/src/robot_model', 'symlink_install': False, 'test_result_base': None}
[0.792s] INFO:colcon.colcon_core.executor:Executing jobs using 'parallel' executor
[0.800s] DEBUG:colcon.colcon_parallel_executor.executor.parallel:run_until_complete
[0.800s] INFO:colcon.colcon_ros.task.ament_python.build:Building ROS package in '/home/ubuntu/JK/ASU_Classes/MAE547/Project_ws/src/robot_controls' with build type 'ament_python'
[0.800s] Level 1:colcon.colcon_core.shell:create_environment_hook('robot_controls', 'ament_prefix_path')
[0.809s] INFO:colcon.colcon_core.plugin_system:Skipping extension 'colcon_core.shell.bat': Not used on non-Windows systems
[0.809s] INFO:colcon.colcon_core.shell:Creating environment hook '/home/ubuntu/JK/ASU_Classes/MAE547/Project_ws/install/robot_controls/share/robot_controls/hook/ament_prefix_path.ps1'
[0.809s] INFO:colcon.colcon_core.shell:Creating environment descriptor '/home/ubuntu/JK/ASU_Classes/MAE547/Project_ws/install/robot_controls/share/robot_controls/hook/ament_prefix_path.dsv'
[0.810s] INFO:colcon.colcon_core.shell:Creating environment hook '/home/ubuntu/JK/ASU_Classes/MAE547/Project_ws/install/robot_controls/share/robot_controls/hook/ament_prefix_path.sh'
[0.819s] INFO:colcon.colcon_core.shell:Skip shell extension 'powershell' for command environment: Not usable outside of PowerShell
[0.819s] DEBUG:colcon.colcon_core.shell:Skip shell extension 'dsv' for command environment
[0.855s] INFO:colcon.colcon_ros.task.ament_cmake.build:Building ROS package in '/home/ubuntu/JK/ASU_Classes/MAE547/Project_ws/src/robot_model' with build type 'ament_cmake'
[0.855s] INFO:colcon.colcon_cmake.task.cmake.build:Building CMake package in '/home/ubuntu/JK/ASU_Classes/MAE547/Project_ws/src/robot_model'
[0.868s] INFO:colcon.colcon_core.shell:Skip shell extension 'powershell' for command environment: Not usable outside of PowerShell
[0.868s] DEBUG:colcon.colcon_core.shell:Skip shell extension 'dsv' for command environment
[1.117s] INFO:colcon.colcon_core.task.python.build:Building Python package in '/home/ubuntu/JK/ASU_Classes/MAE547/Project_ws/src/robot_controls'
[1.151s] INFO:colcon.colcon_core.shell:Skip shell extension 'powershell' for command environment: Not usable outside of PowerShell
[1.152s] DEBUG:colcon.colcon_core.shell:Skip shell extension 'dsv' for command environment
[2.048s] DEBUG:colcon.colcon_core.event_handler.log_command:Invoking command in '/home/ubuntu/JK/ASU_Classes/MAE547/Project_ws/build/robot_model': CMAKE_PREFIX_PATH=${CMAKE_PREFIX_PATH}:/home/ubuntu/ros2_cws/install/test_py:/home/ubuntu/ros2_cws/install/my_py_pkg:/home/ubuntu/JK/ASU_Classes/MAE547/Project_ws/install/robot_controls:/opt/ros/humble /usr/bin/cmake --build /home/ubuntu/JK/ASU_Classes/MAE547/Project_ws/build/robot_model -- -j12 -l12
[2.078s] DEBUG:colcon.colcon_core.event_handler.log_command:Invoked command in '/home/ubuntu/JK/ASU_Classes/MAE547/Project_ws/build/robot_model' returned '0': CMAKE_PREFIX_PATH=${CMAKE_PREFIX_PATH}:/home/ubuntu/ros2_cws/install/test_py:/home/ubuntu/ros2_cws/install/my_py_pkg:/home/ubuntu/JK/ASU_Classes/MAE547/Project_ws/install/robot_controls:/opt/ros/humble /usr/bin/cmake --build /home/ubuntu/JK/ASU_Classes/MAE547/Project_ws/build/robot_model -- -j12 -l12
[2.101s] DEBUG:colcon.colcon_core.event_handler.log_command:Invoking command in '/home/ubuntu/JK/ASU_Classes/MAE547/Project_ws/build/robot_model': CMAKE_PREFIX_PATH=${CMAKE_PREFIX_PATH}:/home/ubuntu/ros2_cws/install/test_py:/home/ubuntu/ros2_cws/install/my_py_pkg:/home/ubuntu/JK/ASU_Classes/MAE547/Project_ws/install/robot_controls:/opt/ros/humble /usr/bin/cmake --install /home/ubuntu/JK/ASU_Classes/MAE547/Project_ws/build/robot_model
[2.108s] Level 1:colcon.colcon_core.environment:create_environment_scripts_only(robot_model)
[2.110s] DEBUG:colcon.colcon_core.event_handler.log_command:Invoked command in '/home/ubuntu/JK/ASU_Classes/MAE547/Project_ws/build/robot_model' returned '0': CMAKE_PREFIX_PATH=${CMAKE_PREFIX_PATH}:/home/ubuntu/ros2_cws/install/test_py:/home/ubuntu/ros2_cws/install/my_py_pkg:/home/ubuntu/JK/ASU_Classes/MAE547/Project_ws/install/robot_controls:/opt/ros/humble /usr/bin/cmake --install /home/ubuntu/JK/ASU_Classes/MAE547/Project_ws/build/robot_model
[2.121s] Level 1:colcon.colcon_core.environment:checking '/home/ubuntu/JK/ASU_Classes/MAE547/Project_ws/install/robot_model' for CMake module files
[2.122s] Level 1:colcon.colcon_core.environment:checking '/home/ubuntu/JK/ASU_Classes/MAE547/Project_ws/install/robot_model' for CMake config files
[2.122s] Level 1:colcon.colcon_core.shell:create_environment_hook('robot_model', 'cmake_prefix_path')
[2.132s] INFO:colcon.colcon_core.shell:Creating environment hook '/home/ubuntu/JK/ASU_Classes/MAE547/Project_ws/install/robot_model/share/robot_model/hook/cmake_prefix_path.ps1'
[2.132s] INFO:colcon.colcon_core.shell:Creating environment descriptor '/home/ubuntu/JK/ASU_Classes/MAE547/Project_ws/install/robot_model/share/robot_model/hook/cmake_prefix_path.dsv'
[2.132s] INFO:colcon.colcon_core.shell:Creating environment hook '/home/ubuntu/JK/ASU_Classes/MAE547/Project_ws/install/robot_model/share/robot_model/hook/cmake_prefix_path.sh'
[2.133s] Level 1:colcon.colcon_core.environment:checking '/home/ubuntu/JK/ASU_Classes/MAE547/Project_ws/install/robot_model/bin'
[2.133s] Level 1:colcon.colcon_core.environment:checking '/home/ubuntu/JK/ASU_Classes/MAE547/Project_ws/install/robot_model/lib/pkgconfig/robot_model.pc'
[2.133s] Level 1:colcon.colcon_core.environment:checking '/home/ubuntu/JK/ASU_Classes/MAE547/Project_ws/install/robot_model/lib/python3.10/site-packages'
[2.133s] Level 1:colcon.colcon_core.environment:checking '/home/ubuntu/JK/ASU_Classes/MAE547/Project_ws/install/robot_model/bin'
[2.145s] INFO:colcon.colcon_core.shell:Creating package script '/home/ubuntu/JK/ASU_Classes/MAE547/Project_ws/install/robot_model/share/robot_model/package.ps1'
[2.145s] INFO:colcon.colcon_core.shell:Creating package descriptor '/home/ubuntu/JK/ASU_Classes/MAE547/Project_ws/install/robot_model/share/robot_model/package.dsv'
[2.146s] INFO:colcon.colcon_core.shell:Creating package script '/home/ubuntu/JK/ASU_Classes/MAE547/Project_ws/install/robot_model/share/robot_model/package.sh'
[2.147s] INFO:colcon.colcon_core.shell:Creating package script '/home/ubuntu/JK/ASU_Classes/MAE547/Project_ws/install/robot_model/share/robot_model/package.bash'
[2.148s] INFO:colcon.colcon_core.shell:Creating package script '/home/ubuntu/JK/ASU_Classes/MAE547/Project_ws/install/robot_model/share/robot_model/package.zsh'
[2.148s] Level 1:colcon.colcon_core.environment:create_file_with_runtime_dependencies(/home/ubuntu/JK/ASU_Classes/MAE547/Project_ws/install/robot_model/share/colcon-core/packages/robot_model)
[2.179s] Level 1:colcon.colcon_core.environment:create_environment_scripts_only(robot_model)
[2.189s] Level 1:colcon.colcon_core.environment:checking '/home/ubuntu/JK/ASU_Classes/MAE547/Project_ws/install/robot_model' for CMake module files
[2.189s] Level 1:colcon.colcon_core.environment:checking '/home/ubuntu/JK/ASU_Classes/MAE547/Project_ws/install/robot_model' for CMake config files
[2.189s] Level 1:colcon.colcon_core.shell:create_environment_hook('robot_model', 'cmake_prefix_path')
[2.199s] INFO:colcon.colcon_core.shell:Creating environment hook '/home/ubuntu/JK/ASU_Classes/MAE547/Project_ws/install/robot_model/share/robot_model/hook/cmake_prefix_path.ps1'
[2.200s] INFO:colcon.colcon_core.shell:Creating environment descriptor '/home/ubuntu/JK/ASU_Classes/MAE547/Project_ws/install/robot_model/share/robot_model/hook/cmake_prefix_path.dsv'
[2.200s] INFO:colcon.colcon_core.shell:Creating environment hook '/home/ubuntu/JK/ASU_Classes/MAE547/Project_ws/install/robot_model/share/robot_model/hook/cmake_prefix_path.sh'
[2.200s] Level 1:colcon.colcon_core.environment:checking '/home/ubuntu/JK/ASU_Classes/MAE547/Project_ws/install/robot_model/bin'
[2.200s] Level 1:colcon.colcon_core.environment:checking '/home/ubuntu/JK/ASU_Classes/MAE547/Project_ws/install/robot_model/lib/pkgconfig/robot_model.pc'
[2.201s] Level 1:colcon.colcon_core.environment:checking '/home/ubuntu/JK/ASU_Classes/MAE547/Project_ws/install/robot_model/lib/python3.10/site-packages'
[2.201s] Level 1:colcon.colcon_core.environment:checking '/home/ubuntu/JK/ASU_Classes/MAE547/Project_ws/install/robot_model/bin'
[2.212s] INFO:colcon.colcon_core.shell:Creating package script '/home/ubuntu/JK/ASU_Classes/MAE547/Project_ws/install/robot_model/share/robot_model/package.ps1'
[2.212s] INFO:colcon.colcon_core.shell:Creating package descriptor '/home/ubuntu/JK/ASU_Classes/MAE547/Project_ws/install/robot_model/share/robot_model/package.dsv'
[2.212s] INFO:colcon.colcon_core.shell:Creating package script '/home/ubuntu/JK/ASU_Classes/MAE547/Project_ws/install/robot_model/share/robot_model/package.sh'
[2.213s] INFO:colcon.colcon_core.shell:Creating package script '/home/ubuntu/JK/ASU_Classes/MAE547/Project_ws/install/robot_model/share/robot_model/package.bash'
[2.213s] INFO:colcon.colcon_core.shell:Creating package script '/home/ubuntu/JK/ASU_Classes/MAE547/Project_ws/install/robot_model/share/robot_model/package.zsh'
[2.213s] Level 1:colcon.colcon_core.environment:create_file_with_runtime_dependencies(/home/ubuntu/JK/ASU_Classes/MAE547/Project_ws/install/robot_model/share/colcon-core/packages/robot_model)
[2.332s] DEBUG:colcon.colcon_core.event_handler.log_command:Invoking command in '/home/ubuntu/JK/ASU_Classes/MAE547/Project_ws/src/robot_controls': PYTHONPATH=/home/ubuntu/JK/ASU_Classes/MAE547/Project_ws/build/robot_controls/prefix_override:/home/ubuntu/JK/ASU_Classes/MAE547/Project_ws/install/robot_controls/lib/python3.10/site-packages:${PYTHONPATH} /usr/bin/python3 setup.py egg_info --egg-base ../../build/robot_controls build --build-base /home/ubuntu/JK/ASU_Classes/MAE547/Project_ws/build/robot_controls/build install --record /home/ubuntu/JK/ASU_Classes/MAE547/Project_ws/build/robot_controls/install.log --single-version-externally-managed
[2.539s] DEBUG:colcon.colcon_core.event_handler.log_command:Invoked command in '/home/ubuntu/JK/ASU_Classes/MAE547/Project_ws/src/robot_controls' returned '0': PYTHONPATH=/home/ubuntu/JK/ASU_Classes/MAE547/Project_ws/build/robot_controls/prefix_override:/home/ubuntu/JK/ASU_Classes/MAE547/Project_ws/install/robot_controls/lib/python3.10/site-packages:${PYTHONPATH} /usr/bin/python3 setup.py egg_info --egg-base ../../build/robot_controls build --build-base /home/ubuntu/JK/ASU_Classes/MAE547/Project_ws/build/robot_controls/build install --record /home/ubuntu/JK/ASU_Classes/MAE547/Project_ws/build/robot_controls/install.log --single-version-externally-managed
[2.555s] Level 1:colcon.colcon_core.environment:checking '/home/ubuntu/JK/ASU_Classes/MAE547/Project_ws/install/robot_controls' for CMake module files
[2.555s] Level 1:colcon.colcon_core.environment:checking '/home/ubuntu/JK/ASU_Classes/MAE547/Project_ws/install/robot_controls' for CMake config files
[2.555s] Level 1:colcon.colcon_core.environment:checking '/home/ubuntu/JK/ASU_Classes/MAE547/Project_ws/install/robot_controls/lib'
[2.556s] Level 1:colcon.colcon_core.environment:checking '/home/ubuntu/JK/ASU_Classes/MAE547/Project_ws/install/robot_controls/bin'
[2.556s] Level 1:colcon.colcon_core.environment:checking '/home/ubuntu/JK/ASU_Classes/MAE547/Project_ws/install/robot_controls/lib/pkgconfig/robot_controls.pc'
[2.556s] Level 1:colcon.colcon_core.environment:checking '/home/ubuntu/JK/ASU_Classes/MAE547/Project_ws/install/robot_controls/lib/python3.10/site-packages'
[2.556s] Level 1:colcon.colcon_core.shell:create_environment_hook('robot_controls', 'pythonpath')
[2.568s] INFO:colcon.colcon_core.shell:Creating environment hook '/home/ubuntu/JK/ASU_Classes/MAE547/Project_ws/install/robot_controls/share/robot_controls/hook/pythonpath.ps1'
[2.569s] INFO:colcon.colcon_core.shell:Creating environment descriptor '/home/ubuntu/JK/ASU_Classes/MAE547/Project_ws/install/robot_controls/share/robot_controls/hook/pythonpath.dsv'
[2.569s] INFO:colcon.colcon_core.shell:Creating environment hook '/home/ubuntu/JK/ASU_Classes/MAE547/Project_ws/install/robot_controls/share/robot_controls/hook/pythonpath.sh'
[2.569s] Level 1:colcon.colcon_core.environment:checking '/home/ubuntu/JK/ASU_Classes/MAE547/Project_ws/install/robot_controls/bin'
[2.569s] Level 1:colcon.colcon_core.environment:create_environment_scripts_only(robot_controls)
[2.582s] INFO:colcon.colcon_core.shell:Creating package script '/home/ubuntu/JK/ASU_Classes/MAE547/Project_ws/install/robot_controls/share/robot_controls/package.ps1'
[2.583s] INFO:colcon.colcon_core.shell:Creating package descriptor '/home/ubuntu/JK/ASU_Classes/MAE547/Project_ws/install/robot_controls/share/robot_controls/package.dsv'
[2.583s] INFO:colcon.colcon_core.shell:Creating package script '/home/ubuntu/JK/ASU_Classes/MAE547/Project_ws/install/robot_controls/share/robot_controls/package.sh'
[2.583s] INFO:colcon.colcon_core.shell:Creating package script '/home/ubuntu/JK/ASU_Classes/MAE547/Project_ws/install/robot_controls/share/robot_controls/package.bash'
[2.583s] INFO:colcon.colcon_core.shell:Creating package script '/home/ubuntu/JK/ASU_Classes/MAE547/Project_ws/install/robot_controls/share/robot_controls/package.zsh'
[2.584s] Level 1:colcon.colcon_core.environment:create_file_with_runtime_dependencies(/home/ubuntu/JK/ASU_Classes/MAE547/Project_ws/install/robot_controls/share/colcon-core/packages/robot_controls)
[2.584s] DEBUG:colcon.colcon_parallel_executor.executor.parallel:closing loop
[2.584s] DEBUG:colcon.colcon_parallel_executor.executor.parallel:loop closed
[2.584s] DEBUG:colcon.colcon_parallel_executor.executor.parallel:run_until_complete finished with '0'
[2.585s] DEBUG:colcon.colcon_core.event_reactor:joining thread
[2.611s] INFO:colcon.colcon_core.plugin_system:Skipping extension 'colcon_notification.desktop_notification.terminal_notifier': Not used on non-Darwin systems
[2.611s] INFO:colcon.colcon_core.plugin_system:Skipping extension 'colcon_notification.desktop_notification.win32': Not used on non-Windows systems
[2.611s] INFO:colcon.colcon_notification.desktop_notification:Sending desktop notification using 'notify2'
[2.622s] DEBUG:colcon.colcon_core.event_reactor:joined thread
[2.635s] INFO:colcon.colcon_core.shell:Creating prefix script '/home/ubuntu/JK/ASU_Classes/MAE547/Project_ws/install/local_setup.ps1'
[2.636s] INFO:colcon.colcon_core.shell:Creating prefix util module '/home/ubuntu/JK/ASU_Classes/MAE547/Project_ws/install/_local_setup_util_ps1.py'
[2.637s] INFO:colcon.colcon_core.shell:Creating prefix chain script '/home/ubuntu/JK/ASU_Classes/MAE547/Project_ws/install/setup.ps1'
[2.646s] INFO:colcon.colcon_core.shell:Creating prefix script '/home/ubuntu/JK/ASU_Classes/MAE547/Project_ws/install/local_setup.sh'
[2.647s] INFO:colcon.colcon_core.shell:Creating prefix util module '/home/ubuntu/JK/ASU_Classes/MAE547/Project_ws/install/_local_setup_util_sh.py'
[2.647s] INFO:colcon.colcon_core.shell:Creating prefix chain script '/home/ubuntu/JK/ASU_Classes/MAE547/Project_ws/install/setup.sh'
[2.658s] INFO:colcon.colcon_core.shell:Creating prefix script '/home/ubuntu/JK/ASU_Classes/MAE547/Project_ws/install/local_setup.bash'
[2.658s] INFO:colcon.colcon_core.shell:Creating prefix chain script '/home/ubuntu/JK/ASU_Classes/MAE547/Project_ws/install/setup.bash'
[2.671s] INFO:colcon.colcon_core.shell:Creating prefix script '/home/ubuntu/JK/ASU_Classes/MAE547/Project_ws/install/local_setup.zsh'
[2.671s] INFO:colcon.colcon_core.shell:Creating prefix chain script '/home/ubuntu/JK/ASU_Classes/MAE547/Project_ws/install/setup.zsh'
