[9.090s] Invoking command in '/home/ubuntu/JK/ASU_Classes/MAE547/Project_ws/src/robot_controls': PYTHONPATH=/home/ubuntu/JK/ASU_Classes/MAE547/Project_ws/build/robot_controls/prefix_override:/home/ubuntu/JK/ASU_Classes/MAE547/Project_ws/install/robot_controls/lib/python3.10/site-packages:${PYTHONPATH} /usr/bin/python3 setup.py egg_info --egg-base ../../build/robot_controls build --build-base /home/ubuntu/JK/ASU_Classes/MAE547/Project_ws/build/robot_controls/build install --record /home/ubuntu/JK/ASU_Classes/MAE547/Project_ws/build/robot_controls/install.log --single-version-externally-managed
[9.242s] running egg_info
[9.242s] writing ../../build/robot_controls/robot_controls.egg-info/PKG-INFO
[9.244s] writing dependency_links to ../../build/robot_controls/robot_controls.egg-info/dependency_links.txt
[9.244s] writing entry points to ../../build/robot_controls/robot_controls.egg-info/entry_points.txt
[9.244s] writing requirements to ../../build/robot_controls/robot_controls.egg-info/requires.txt
[9.244s] writing top-level names to ../../build/robot_controls/robot_controls.egg-info/top_level.txt
[9.245s] reading manifest file '../../build/robot_controls/robot_controls.egg-info/SOURCES.txt'
[9.248s] writing manifest file '../../build/robot_controls/robot_controls.egg-info/SOURCES.txt'
[9.248s] running build
[9.248s] running build_py
[9.252s] running install
[9.252s] running install_lib
[9.255s] running install_data
[9.257s] running install_egg_info
[9.258s] removing '/home/ubuntu/JK/ASU_Classes/MAE547/Project_ws/install/robot_controls/lib/python3.10/site-packages/robot_controls-0.0.0-py3.10.egg-info' (and everything under it)
[9.258s] Copying ../../build/robot_controls/robot_controls.egg-info to /home/ubuntu/JK/ASU_Classes/MAE547/Project_ws/install/robot_controls/lib/python3.10/site-packages/robot_controls-0.0.0-py3.10.egg-info
[9.260s] running install_scripts
[9.273s] writing list of installed files to '/home/ubuntu/JK/ASU_Classes/MAE547/Project_ws/build/robot_controls/install.log'
[9.289s] Invoked command in '/home/ubuntu/JK/ASU_Classes/MAE547/Project_ws/src/robot_controls' returned '0': PYTHONPATH=/home/ubuntu/JK/ASU_Classes/MAE547/Project_ws/build/robot_controls/prefix_override:/home/ubuntu/JK/ASU_Classes/MAE547/Project_ws/install/robot_controls/lib/python3.10/site-packages:${PYTHONPATH} /usr/bin/python3 setup.py egg_info --egg-base ../../build/robot_controls build --build-base /home/ubuntu/JK/ASU_Classes/MAE547/Project_ws/build/robot_controls/build install --record /home/ubuntu/JK/ASU_Classes/MAE547/Project_ws/build/robot_controls/install.log --single-version-externally-managed
