[0.595s] DEBUG:colcon:Command line arguments: ['/usr/bin/colcon', 'build']
[0.595s] DEBUG:colcon:Parsed command line arguments: Namespace(log_base=None, log_level=None, verb_name='build', build_base='build', install_base='install', merge_install=False, symlink_install=False, test_result_base=None, continue_on_error=False, executor='parallel', parallel_workers=12, event_handlers=None, ignore_user_meta=False, metas=['./colcon.meta'], base_paths=['.'], packages_ignore=None, packages_ignore_regex=None, paths=None, packages_up_to=None, packages_up_to_regex=None, packages_above=None, packages_above_and_dependencies=None, packages_above_depth=None, packages_select_by_dep=None, packages_skip_by_dep=None, packages_skip_up_to=None, packages_select_build_failed=False, packages_skip_build_finished=False, packages_select_test_failures=False, packages_skip_test_passed=False, packages_select=None, packages_skip=None, packages_select_regex=None, packages_skip_regex=None, packages_start=None, packages_end=None, allow_overriding=[], cmake_args=None, cmake_target=None, cmake_target_skip_unavailable=False, cmake_clean_cache=False, cmake_clean_first=False, cmake_force_configure=False, ament_cmake_args=None, catkin_cmake_args=None, catkin_skip_building_tests=False, verb_parser=<colcon_defaults.argument_parser.defaults.DefaultArgumentsDecorator object at 0x7fd0322538e0>, verb_extension=<colcon_core.verb.build.BuildVerb object at 0x7fd032253340>, main=<bound method BuildVerb.main of <colcon_core.verb.build.BuildVerb object at 0x7fd032253340>>)
[0.621s] Level 1:colcon.colcon_core.package_discovery:discover_packages(colcon_meta) check parameters
[0.621s] Level 1:colcon.colcon_core.package_discovery:discover_packages(recursive) check parameters
[0.621s] Level 1:colcon.colcon_core.package_discovery:discover_packages(ignore) check parameters
[0.621s] Level 1:colcon.colcon_core.package_discovery:discover_packages(path) check parameters
[0.621s] Level 1:colcon.colcon_core.package_discovery:discover_packages(colcon_meta) discover
[0.621s] Level 1:colcon.colcon_core.package_discovery:discover_packages(recursive) discover
[0.621s] INFO:colcon.colcon_core.package_discovery:Crawling recursively for packages in '/home/ubuntu/JK/ASU_Classes/MAE547/Project_ws'
[0.621s] Level 1:colcon.colcon_core.package_identification:_identify(.) by extensions ['ignore', 'ignore_ament_install']
[0.621s] Level 1:colcon.colcon_core.package_identification:_identify(.) by extension 'ignore'
[0.621s] Level 1:colcon.colcon_core.package_identification:_identify(.) by extension 'ignore_ament_install'
[0.621s] Level 1:colcon.colcon_core.package_identification:_identify(.) by extensions ['colcon_pkg']
[0.621s] Level 1:colcon.colcon_core.package_identification:_identify(.) by extension 'colcon_pkg'
[0.621s] Level 1:colcon.colcon_core.package_identification:_identify(.) by extensions ['colcon_meta']
[0.621s] Level 1:colcon.colcon_core.package_identification:_identify(.) by extension 'colcon_meta'
[0.621s] Level 1:colcon.colcon_core.package_identification:_identify(.) by extensions ['ros']
[0.621s] Level 1:colcon.colcon_core.package_identification:_identify(.) by extension 'ros'
[0.628s] Level 1:colcon.colcon_core.package_identification:_identify(.) by extensions ['cmake', 'python']
[0.628s] Level 1:colcon.colcon_core.package_identification:_identify(.) by extension 'cmake'
[0.628s] Level 1:colcon.colcon_core.package_identification:_identify(.) by extension 'python'
[0.628s] Level 1:colcon.colcon_core.package_identification:_identify(.) by extensions ['python_setup_py']
[0.628s] Level 1:colcon.colcon_core.package_identification:_identify(.) by extension 'python_setup_py'
[0.628s] Level 1:colcon.colcon_core.package_identification:_identify(build) by extensions ['ignore', 'ignore_ament_install']
[0.628s] Level 1:colcon.colcon_core.package_identification:_identify(build) by extension 'ignore'
[0.628s] Level 1:colcon.colcon_core.package_identification:_identify(build) ignored
[0.629s] Level 1:colcon.colcon_core.package_identification:_identify(install) by extensions ['ignore', 'ignore_ament_install']
[0.629s] Level 1:colcon.colcon_core.package_identification:_identify(install) by extension 'ignore'
[0.629s] Level 1:colcon.colcon_core.package_identification:_identify(install) ignored
[0.629s] Level 1:colcon.colcon_core.package_identification:_identify(log) by extensions ['ignore', 'ignore_ament_install']
[0.629s] Level 1:colcon.colcon_core.package_identification:_identify(log) by extension 'ignore'
[0.629s] Level 1:colcon.colcon_core.package_identification:_identify(log) ignored
[0.629s] Level 1:colcon.colcon_core.package_identification:_identify(src) by extensions ['ignore', 'ignore_ament_install']
[0.629s] Level 1:colcon.colcon_core.package_identification:_identify(src) by extension 'ignore'
[0.629s] Level 1:colcon.colcon_core.package_identification:_identify(src) by extension 'ignore_ament_install'
[0.629s] Level 1:colcon.colcon_core.package_identification:_identify(src) by extensions ['colcon_pkg']
[0.629s] Level 1:colcon.colcon_core.package_identification:_identify(src) by extension 'colcon_pkg'
[0.629s] Level 1:colcon.colcon_core.package_identification:_identify(src) by extensions ['colcon_meta']
[0.629s] Level 1:colcon.colcon_core.package_identification:_identify(src) by extension 'colcon_meta'
[0.629s] Level 1:colcon.colcon_core.package_identification:_identify(src) by extensions ['ros']
[0.629s] Level 1:colcon.colcon_core.package_identification:_identify(src) by extension 'ros'
[0.629s] Level 1:colcon.colcon_core.package_identification:_identify(src) by extensions ['cmake', 'python']
[0.629s] Level 1:colcon.colcon_core.package_identification:_identify(src) by extension 'cmake'
[0.629s] Level 1:colcon.colcon_core.package_identification:_identify(src) by extension 'python'
[0.629s] Level 1:colcon.colcon_core.package_identification:_identify(src) by extensions ['python_setup_py']
[0.629s] Level 1:colcon.colcon_core.package_identification:_identify(src) by extension 'python_setup_py'
[0.629s] Level 1:colcon.colcon_core.package_identification:_identify(src/robot_controls) by extensions ['ignore', 'ignore_ament_install']
[0.629s] Level 1:colcon.colcon_core.package_identification:_identify(src/robot_controls) by extension 'ignore'
[0.629s] Level 1:colcon.colcon_core.package_identification:_identify(src/robot_controls) by extension 'ignore_ament_install'
[0.629s] Level 1:colcon.colcon_core.package_identification:_identify(src/robot_controls) by extensions ['colcon_pkg']
[0.629s] Level 1:colcon.colcon_core.package_identification:_identify(src/robot_controls) by extension 'colcon_pkg'
[0.629s] Level 1:colcon.colcon_core.package_identification:_identify(src/robot_controls) by extensions ['colcon_meta']
[0.629s] Level 1:colcon.colcon_core.package_identification:_identify(src/robot_controls) by extension 'colcon_meta'
[0.629s] Level 1:colcon.colcon_core.package_identification:_identify(src/robot_controls) by extensions ['ros']
[0.629s] Level 1:colcon.colcon_core.package_identification:_identify(src/robot_controls) by extension 'ros'
[0.631s] DEBUG:colcon.colcon_core.package_identification:Package 'src/robot_controls' with type 'ros.ament_python' and name 'robot_controls'
[0.631s] Level 1:colcon.colcon_core.package_identification:_identify(src/robot_model) by extensions ['ignore', 'ignore_ament_install']
[0.631s] Level 1:colcon.colcon_core.package_identification:_identify(src/robot_model) by extension 'ignore'
[0.631s] Level 1:colcon.colcon_core.package_identification:_identify(src/robot_model) by extension 'ignore_ament_install'
[0.631s] Level 1:colcon.colcon_core.package_identification:_identify(src/robot_model) by extensions ['colcon_pkg']
[0.631s] Level 1:colcon.colcon_core.package_identification:_identify(src/robot_model) by extension 'colcon_pkg'
[0.631s] Level 1:colcon.colcon_core.package_identification:_identify(src/robot_model) by extensions ['colcon_meta']
[0.631s] Level 1:colcon.colcon_core.package_identification:_identify(src/robot_model) by extension 'colcon_meta'
[0.631s] Level 1:colcon.colcon_core.package_identification:_identify(src/robot_model) by extensions ['ros']
[0.631s] Level 1:colcon.colcon_core.package_identification:_identify(src/robot_model) by extension 'ros'
[0.631s] DEBUG:colcon.colcon_core.package_identification:Package 'src/robot_model' with type 'ros.ament_cmake' and name 'robot_model'
[0.631s] Level 1:colcon.colcon_core.package_discovery:discover_packages(recursive) using defaults
[0.631s] Level 1:colcon.colcon_core.package_discovery:discover_packages(ignore) discover
[0.631s] Level 1:colcon.colcon_core.package_discovery:discover_packages(ignore) using defaults
[0.631s] Level 1:colcon.colcon_core.package_discovery:discover_packages(path) discover
[0.631s] Level 1:colcon.colcon_core.package_discovery:discover_packages(path) using defaults
[0.680s] Level 1:colcon.colcon_core.package_discovery:discover_packages(prefix_path) check parameters
[0.680s] Level 1:colcon.colcon_core.package_discovery:discover_packages(prefix_path) discover
[0.696s] DEBUG:colcon.colcon_installed_package_information.package_discovery:Found 2 installed packages in /home/ubuntu/JK/ASU_Classes/MAE547/Project_ws/install
[0.711s] DEBUG:colcon.colcon_installed_package_information.package_discovery:Found 4 installed packages in /home/ubuntu/ros2_cws/install
[0.719s] DEBUG:colcon.colcon_installed_package_information.package_discovery:Found 275 installed packages in /opt/ros/humble
[0.720s] Level 1:colcon.colcon_core.package_discovery:discover_packages(prefix_path) using defaults
[0.768s] Level 5:colcon.colcon_core.verb:set package 'robot_controls' build argument 'cmake_args' from command line to 'None'
[0.768s] Level 5:colcon.colcon_core.verb:set package 'robot_controls' build argument 'cmake_target' from command line to 'None'
[0.768s] Level 5:colcon.colcon_core.verb:set package 'robot_controls' build argument 'cmake_target_skip_unavailable' from command line to 'False'
[0.768s] Level 5:colcon.colcon_core.verb:set package 'robot_controls' build argument 'cmake_clean_cache' from command line to 'False'
[0.768s] Level 5:colcon.colcon_core.verb:set package 'robot_controls' build argument 'cmake_clean_first' from command line to 'False'
[0.768s] Level 5:colcon.colcon_core.verb:set package 'robot_controls' build argument 'cmake_force_configure' from command line to 'False'
[0.768s] Level 5:colcon.colcon_core.verb:set package 'robot_controls' build argument 'ament_cmake_args' from command line to 'None'
[0.768s] Level 5:colcon.colcon_core.verb:set package 'robot_controls' build argument 'catkin_cmake_args' from command line to 'None'
[0.768s] Level 5:colcon.colcon_core.verb:set package 'robot_controls' build argument 'catkin_skip_building_tests' from command line to 'False'
[0.768s] DEBUG:colcon.colcon_core.verb:Building package 'robot_controls' with the following arguments: {'ament_cmake_args': None, 'build_base': '/home/ubuntu/JK/ASU_Classes/MAE547/Project_ws/build/robot_controls', 'catkin_cmake_args': None, 'catkin_skip_building_tests': False, 'cmake_args': None, 'cmake_clean_cache': False, 'cmake_clean_first': False, 'cmake_force_configure': False, 'cmake_target': None, 'cmake_target_skip_unavailable': False, 'install_base': '/home/ubuntu/JK/ASU_Classes/MAE547/Project_ws/install/robot_controls', 'merge_install': False, 'path': '/home/ubuntu/JK/ASU_Classes/MAE547/Project_ws/src/robot_controls', 'symlink_install': False, 'test_result_base': None}
[0.775s] Level 5:colcon.colcon_core.verb:set package 'robot_model' build argument 'cmake_args' from command line to 'None'
[0.775s] Level 5:colcon.colcon_core.verb:set package 'robot_model' build argument 'cmake_target' from command line to 'None'
[0.775s] Level 5:colcon.colcon_core.verb:set package 'robot_model' build argument 'cmake_target_skip_unavailable' from command line to 'False'
[0.775s] Level 5:colcon.colcon_core.verb:set package 'robot_model' build argument 'cmake_clean_cache' from command line to 'False'
[0.776s] Level 5:colcon.colcon_core.verb:set package 'robot_model' build argument 'cmake_clean_first' from command line to 'False'
[0.776s] Level 5:colcon.colcon_core.verb:set package 'robot_model' build argument 'cmake_force_configure' from command line to 'False'
[0.776s] Level 5:colcon.colcon_core.verb:set package 'robot_model' build argument 'ament_cmake_args' from command line to 'None'
[0.776s] Level 5:colcon.colcon_core.verb:set package 'robot_model' build argument 'catkin_cmake_args' from command line to 'None'
[0.776s] Level 5:colcon.colcon_core.verb:set package 'robot_model' build argument 'catkin_skip_building_tests' from command line to 'False'
[0.776s] DEBUG:colcon.colcon_core.verb:Building package 'robot_model' with the following arguments: {'ament_cmake_args': None, 'build_base': '/home/ubuntu/JK/ASU_Classes/MAE547/Project_ws/build/robot_model', 'catkin_cmake_args': None, 'catkin_skip_building_tests': False, 'cmake_args': None, 'cmake_clean_cache': False, 'cmake_clean_first': False, 'cmake_force_configure': False, 'cmake_target': None, 'cmake_target_skip_unavailable': False, 'install_base': '/home/ubuntu/JK/ASU_Classes/MAE547/Project_ws/install/robot_model', 'merge_install': False, 'path': '/home/ubuntu/JK/ASU_Classes/MAE547/Project_ws/src/robot_model', 'symlink_install': False, 'test_result_base': None}
[0.783s] INFO:colcon.colcon_core.executor:Executing jobs using 'parallel' executor
[0.791s] DEBUG:colcon.colcon_parallel_executor.executor.parallel:run_until_complete
[0.791s] INFO:colcon.colcon_ros.task.ament_python.build:Building ROS package in '/home/ubuntu/JK/ASU_Classes/MAE547/Project_ws/src/robot_controls' with build type 'ament_python'
[0.791s] Level 1:colcon.colcon_core.shell:create_environment_hook('robot_controls', 'ament_prefix_path')
[0.801s] INFO:colcon.colcon_core.plugin_system:Skipping extension 'colcon_core.shell.bat': Not used on non-Windows systems
[0.801s] INFO:colcon.colcon_core.shell:Creating environment hook '/home/ubuntu/JK/ASU_Classes/MAE547/Project_ws/install/robot_controls/share/robot_controls/hook/ament_prefix_path.ps1'
[0.802s] INFO:colcon.colcon_core.shell:Creating environment descriptor '/home/ubuntu/JK/ASU_Classes/MAE547/Project_ws/install/robot_controls/share/robot_controls/hook/ament_prefix_path.dsv'
[0.802s] INFO:colcon.colcon_core.shell:Creating environment hook '/home/ubuntu/JK/ASU_Classes/MAE547/Project_ws/install/robot_controls/share/robot_controls/hook/ament_prefix_path.sh'
[0.812s] INFO:colcon.colcon_core.shell:Skip shell extension 'powershell' for command environment: Not usable outside of PowerShell
[0.812s] DEBUG:colcon.colcon_core.shell:Skip shell extension 'dsv' for command environment
[0.848s] INFO:colcon.colcon_ros.task.ament_cmake.build:Building ROS package in '/home/ubuntu/JK/ASU_Classes/MAE547/Project_ws/src/robot_model' with build type 'ament_cmake'
[0.849s] INFO:colcon.colcon_cmake.task.cmake.build:Building CMake package in '/home/ubuntu/JK/ASU_Classes/MAE547/Project_ws/src/robot_model'
[0.857s] INFO:colcon.colcon_core.shell:Skip shell extension 'powershell' for command environment: Not usable outside of PowerShell
[0.857s] DEBUG:colcon.colcon_core.shell:Skip shell extension 'dsv' for command environment
[1.091s] INFO:colcon.colcon_core.task.python.build:Building Python package in '/home/ubuntu/JK/ASU_Classes/MAE547/Project_ws/src/robot_controls'
[1.100s] INFO:colcon.colcon_core.shell:Skip shell extension 'powershell' for command environment: Not usable outside of PowerShell
[1.100s] DEBUG:colcon.colcon_core.shell:Skip shell extension 'dsv' for command environment
[1.157s] DEBUG:colcon.colcon_core.event_handler.log_command:Invoking command in '/home/ubuntu/JK/ASU_Classes/MAE547/Project_ws/build/robot_model': CMAKE_PREFIX_PATH=${CMAKE_PREFIX_PATH}:/home/ubuntu/ros2_cws/install/test_py:/home/ubuntu/ros2_cws/install/my_py_pkg:/home/ubuntu/JK/ASU_Classes/MAE547/Project_ws/install/robot_controls:/opt/ros/humble /usr/bin/cmake --build /home/ubuntu/JK/ASU_Classes/MAE547/Project_ws/build/robot_model -- -j12 -l12
[1.188s] DEBUG:colcon.colcon_core.event_handler.log_command:Invoked command in '/home/ubuntu/JK/ASU_Classes/MAE547/Project_ws/build/robot_model' returned '0': CMAKE_PREFIX_PATH=${CMAKE_PREFIX_PATH}:/home/ubuntu/ros2_cws/install/test_py:/home/ubuntu/ros2_cws/install/my_py_pkg:/home/ubuntu/JK/ASU_Classes/MAE547/Project_ws/install/robot_controls:/opt/ros/humble /usr/bin/cmake --build /home/ubuntu/JK/ASU_Classes/MAE547/Project_ws/build/robot_model -- -j12 -l12
[1.210s] DEBUG:colcon.colcon_core.event_handler.log_command:Invoking command in '/home/ubuntu/JK/ASU_Classes/MAE547/Project_ws/build/robot_model': CMAKE_PREFIX_PATH=${CMAKE_PREFIX_PATH}:/home/ubuntu/ros2_cws/install/test_py:/home/ubuntu/ros2_cws/install/my_py_pkg:/home/ubuntu/JK/ASU_Classes/MAE547/Project_ws/install/robot_controls:/opt/ros/humble /usr/bin/cmake --install /home/ubuntu/JK/ASU_Classes/MAE547/Project_ws/build/robot_model
[1.219s] Level 1:colcon.colcon_core.environment:create_environment_scripts_only(robot_model)
[1.221s] DEBUG:colcon.colcon_core.event_handler.log_command:Invoked command in '/home/ubuntu/JK/ASU_Classes/MAE547/Project_ws/build/robot_model' returned '0': CMAKE_PREFIX_PATH=${CMAKE_PREFIX_PATH}:/home/ubuntu/ros2_cws/install/test_py:/home/ubuntu/ros2_cws/install/my_py_pkg:/home/ubuntu/JK/ASU_Classes/MAE547/Project_ws/install/robot_controls:/opt/ros/humble /usr/bin/cmake --install /home/ubuntu/JK/ASU_Classes/MAE547/Project_ws/build/robot_model
[1.237s] Level 1:colcon.colcon_core.environment:checking '/home/ubuntu/JK/ASU_Classes/MAE547/Project_ws/install/robot_model' for CMake module files
[1.237s] Level 1:colcon.colcon_core.environment:checking '/home/ubuntu/JK/ASU_Classes/MAE547/Project_ws/install/robot_model' for CMake config files
[1.237s] Level 1:colcon.colcon_core.shell:create_environment_hook('robot_model', 'cmake_prefix_path')
[1.247s] INFO:colcon.colcon_core.shell:Creating environment hook '/home/ubuntu/JK/ASU_Classes/MAE547/Project_ws/install/robot_model/share/robot_model/hook/cmake_prefix_path.ps1'
[1.247s] INFO:colcon.colcon_core.shell:Creating environment descriptor '/home/ubuntu/JK/ASU_Classes/MAE547/Project_ws/install/robot_model/share/robot_model/hook/cmake_prefix_path.dsv'
[1.247s] INFO:colcon.colcon_core.shell:Creating environment hook '/home/ubuntu/JK/ASU_Classes/MAE547/Project_ws/install/robot_model/share/robot_model/hook/cmake_prefix_path.sh'
[1.248s] Level 1:colcon.colcon_core.environment:checking '/home/ubuntu/JK/ASU_Classes/MAE547/Project_ws/install/robot_model/bin'
[1.248s] Level 1:colcon.colcon_core.environment:checking '/home/ubuntu/JK/ASU_Classes/MAE547/Project_ws/install/robot_model/lib/pkgconfig/robot_model.pc'
[1.248s] Level 1:colcon.colcon_core.environment:checking '/home/ubuntu/JK/ASU_Classes/MAE547/Project_ws/install/robot_model/lib/python3.10/site-packages'
[1.248s] Level 1:colcon.colcon_core.environment:checking '/home/ubuntu/JK/ASU_Classes/MAE547/Project_ws/install/robot_model/bin'
[1.257s] INFO:colcon.colcon_core.shell:Creating package script '/home/ubuntu/JK/ASU_Classes/MAE547/Project_ws/install/robot_model/share/robot_model/package.ps1'
[1.258s] INFO:colcon.colcon_core.shell:Creating package descriptor '/home/ubuntu/JK/ASU_Classes/MAE547/Project_ws/install/robot_model/share/robot_model/package.dsv'
[1.258s] INFO:colcon.colcon_core.shell:Creating package script '/home/ubuntu/JK/ASU_Classes/MAE547/Project_ws/install/robot_model/share/robot_model/package.sh'
[1.259s] INFO:colcon.colcon_core.shell:Creating package script '/home/ubuntu/JK/ASU_Classes/MAE547/Project_ws/install/robot_model/share/robot_model/package.bash'
[1.259s] INFO:colcon.colcon_core.shell:Creating package script '/home/ubuntu/JK/ASU_Classes/MAE547/Project_ws/install/robot_model/share/robot_model/package.zsh'
[1.260s] Level 1:colcon.colcon_core.environment:create_file_with_runtime_dependencies(/home/ubuntu/JK/ASU_Classes/MAE547/Project_ws/install/robot_model/share/colcon-core/packages/robot_model)
[1.291s] Level 1:colcon.colcon_core.environment:create_environment_scripts_only(robot_model)
[1.301s] Level 1:colcon.colcon_core.environment:checking '/home/ubuntu/JK/ASU_Classes/MAE547/Project_ws/install/robot_model' for CMake module files
[1.301s] Level 1:colcon.colcon_core.environment:checking '/home/ubuntu/JK/ASU_Classes/MAE547/Project_ws/install/robot_model' for CMake config files
[1.302s] Level 1:colcon.colcon_core.shell:create_environment_hook('robot_model', 'cmake_prefix_path')
[1.311s] INFO:colcon.colcon_core.shell:Creating environment hook '/home/ubuntu/JK/ASU_Classes/MAE547/Project_ws/install/robot_model/share/robot_model/hook/cmake_prefix_path.ps1'
[1.312s] INFO:colcon.colcon_core.shell:Creating environment descriptor '/home/ubuntu/JK/ASU_Classes/MAE547/Project_ws/install/robot_model/share/robot_model/hook/cmake_prefix_path.dsv'
[1.312s] INFO:colcon.colcon_core.shell:Creating environment hook '/home/ubuntu/JK/ASU_Classes/MAE547/Project_ws/install/robot_model/share/robot_model/hook/cmake_prefix_path.sh'
[1.312s] Level 1:colcon.colcon_core.environment:checking '/home/ubuntu/JK/ASU_Classes/MAE547/Project_ws/install/robot_model/bin'
[1.312s] Level 1:colcon.colcon_core.environment:checking '/home/ubuntu/JK/ASU_Classes/MAE547/Project_ws/install/robot_model/lib/pkgconfig/robot_model.pc'
[1.312s] Level 1:colcon.colcon_core.environment:checking '/home/ubuntu/JK/ASU_Classes/MAE547/Project_ws/install/robot_model/lib/python3.10/site-packages'
[1.313s] Level 1:colcon.colcon_core.environment:checking '/home/ubuntu/JK/ASU_Classes/MAE547/Project_ws/install/robot_model/bin'
[1.324s] INFO:colcon.colcon_core.shell:Creating package script '/home/ubuntu/JK/ASU_Classes/MAE547/Project_ws/install/robot_model/share/robot_model/package.ps1'
[1.324s] INFO:colcon.colcon_core.shell:Creating package descriptor '/home/ubuntu/JK/ASU_Classes/MAE547/Project_ws/install/robot_model/share/robot_model/package.dsv'
[1.324s] INFO:colcon.colcon_core.shell:Creating package script '/home/ubuntu/JK/ASU_Classes/MAE547/Project_ws/install/robot_model/share/robot_model/package.sh'
[1.325s] INFO:colcon.colcon_core.shell:Creating package script '/home/ubuntu/JK/ASU_Classes/MAE547/Project_ws/install/robot_model/share/robot_model/package.bash'
[1.325s] INFO:colcon.colcon_core.shell:Creating package script '/home/ubuntu/JK/ASU_Classes/MAE547/Project_ws/install/robot_model/share/robot_model/package.zsh'
[1.325s] Level 1:colcon.colcon_core.environment:create_file_with_runtime_dependencies(/home/ubuntu/JK/ASU_Classes/MAE547/Project_ws/install/robot_model/share/colcon-core/packages/robot_model)
[1.446s] DEBUG:colcon.colcon_core.event_handler.log_command:Invoking command in '/home/ubuntu/JK/ASU_Classes/MAE547/Project_ws/src/robot_controls': PYTHONPATH=/home/ubuntu/JK/ASU_Classes/MAE547/Project_ws/build/robot_controls/prefix_override:/home/ubuntu/JK/ASU_Classes/MAE547/Project_ws/install/robot_controls/lib/python3.10/site-packages:${PYTHONPATH} /usr/bin/python3 setup.py egg_info --egg-base ../../build/robot_controls build --build-base /home/ubuntu/JK/ASU_Classes/MAE547/Project_ws/build/robot_controls/build install --record /home/ubuntu/JK/ASU_Classes/MAE547/Project_ws/build/robot_controls/install.log --single-version-externally-managed
[1.667s] DEBUG:colcon.colcon_core.event_handler.log_command:Invoked command in '/home/ubuntu/JK/ASU_Classes/MAE547/Project_ws/src/robot_controls' returned '0': PYTHONPATH=/home/ubuntu/JK/ASU_Classes/MAE547/Project_ws/build/robot_controls/prefix_override:/home/ubuntu/JK/ASU_Classes/MAE547/Project_ws/install/robot_controls/lib/python3.10/site-packages:${PYTHONPATH} /usr/bin/python3 setup.py egg_info --egg-base ../../build/robot_controls build --build-base /home/ubuntu/JK/ASU_Classes/MAE547/Project_ws/build/robot_controls/build install --record /home/ubuntu/JK/ASU_Classes/MAE547/Project_ws/build/robot_controls/install.log --single-version-externally-managed
[1.679s] Level 1:colcon.colcon_core.environment:checking '/home/ubuntu/JK/ASU_Classes/MAE547/Project_ws/install/robot_controls' for CMake module files
[1.680s] Level 1:colcon.colcon_core.environment:checking '/home/ubuntu/JK/ASU_Classes/MAE547/Project_ws/install/robot_controls' for CMake config files
[1.680s] Level 1:colcon.colcon_core.environment:checking '/home/ubuntu/JK/ASU_Classes/MAE547/Project_ws/install/robot_controls/lib'
[1.680s] Level 1:colcon.colcon_core.environment:checking '/home/ubuntu/JK/ASU_Classes/MAE547/Project_ws/install/robot_controls/bin'
[1.680s] Level 1:colcon.colcon_core.environment:checking '/home/ubuntu/JK/ASU_Classes/MAE547/Project_ws/install/robot_controls/lib/pkgconfig/robot_controls.pc'
[1.680s] Level 1:colcon.colcon_core.environment:checking '/home/ubuntu/JK/ASU_Classes/MAE547/Project_ws/install/robot_controls/lib/python3.10/site-packages'
[1.680s] Level 1:colcon.colcon_core.shell:create_environment_hook('robot_controls', 'pythonpath')
[1.693s] INFO:colcon.colcon_core.shell:Creating environment hook '/home/ubuntu/JK/ASU_Classes/MAE547/Project_ws/install/robot_controls/share/robot_controls/hook/pythonpath.ps1'
[1.693s] INFO:colcon.colcon_core.shell:Creating environment descriptor '/home/ubuntu/JK/ASU_Classes/MAE547/Project_ws/install/robot_controls/share/robot_controls/hook/pythonpath.dsv'
[1.694s] INFO:colcon.colcon_core.shell:Creating environment hook '/home/ubuntu/JK/ASU_Classes/MAE547/Project_ws/install/robot_controls/share/robot_controls/hook/pythonpath.sh'
[1.695s] Level 1:colcon.colcon_core.environment:checking '/home/ubuntu/JK/ASU_Classes/MAE547/Project_ws/install/robot_controls/bin'
[1.695s] Level 1:colcon.colcon_core.environment:create_environment_scripts_only(robot_controls)
[1.710s] INFO:colcon.colcon_core.shell:Creating package script '/home/ubuntu/JK/ASU_Classes/MAE547/Project_ws/install/robot_controls/share/robot_controls/package.ps1'
[1.710s] INFO:colcon.colcon_core.shell:Creating package descriptor '/home/ubuntu/JK/ASU_Classes/MAE547/Project_ws/install/robot_controls/share/robot_controls/package.dsv'
[1.711s] INFO:colcon.colcon_core.shell:Creating package script '/home/ubuntu/JK/ASU_Classes/MAE547/Project_ws/install/robot_controls/share/robot_controls/package.sh'
[1.711s] INFO:colcon.colcon_core.shell:Creating package script '/home/ubuntu/JK/ASU_Classes/MAE547/Project_ws/install/robot_controls/share/robot_controls/package.bash'
[1.711s] INFO:colcon.colcon_core.shell:Creating package script '/home/ubuntu/JK/ASU_Classes/MAE547/Project_ws/install/robot_controls/share/robot_controls/package.zsh'
[1.712s] Level 1:colcon.colcon_core.environment:create_file_with_runtime_dependencies(/home/ubuntu/JK/ASU_Classes/MAE547/Project_ws/install/robot_controls/share/colcon-core/packages/robot_controls)
[1.712s] DEBUG:colcon.colcon_parallel_executor.executor.parallel:closing loop
[1.712s] DEBUG:colcon.colcon_parallel_executor.executor.parallel:loop closed
[1.712s] DEBUG:colcon.colcon_parallel_executor.executor.parallel:run_until_complete finished with '0'
[1.712s] DEBUG:colcon.colcon_core.event_reactor:joining thread
[1.736s] INFO:colcon.colcon_core.plugin_system:Skipping extension 'colcon_notification.desktop_notification.terminal_notifier': Not used on non-Darwin systems
[1.736s] INFO:colcon.colcon_core.plugin_system:Skipping extension 'colcon_notification.desktop_notification.win32': Not used on non-Windows systems
[1.736s] INFO:colcon.colcon_notification.desktop_notification:Sending desktop notification using 'notify2'
[1.750s] DEBUG:colcon.colcon_core.event_reactor:joined thread
[1.767s] INFO:colcon.colcon_core.shell:Creating prefix script '/home/ubuntu/JK/ASU_Classes/MAE547/Project_ws/install/local_setup.ps1'
[1.768s] INFO:colcon.colcon_core.shell:Creating prefix util module '/home/ubuntu/JK/ASU_Classes/MAE547/Project_ws/install/_local_setup_util_ps1.py'
[1.770s] INFO:colcon.colcon_core.shell:Creating prefix chain script '/home/ubuntu/JK/ASU_Classes/MAE547/Project_ws/install/setup.ps1'
[1.789s] INFO:colcon.colcon_core.shell:Creating prefix script '/home/ubuntu/JK/ASU_Classes/MAE547/Project_ws/install/local_setup.sh'
[1.790s] INFO:colcon.colcon_core.shell:Creating prefix util module '/home/ubuntu/JK/ASU_Classes/MAE547/Project_ws/install/_local_setup_util_sh.py'
[1.790s] INFO:colcon.colcon_core.shell:Creating prefix chain script '/home/ubuntu/JK/ASU_Classes/MAE547/Project_ws/install/setup.sh'
[1.807s] INFO:colcon.colcon_core.shell:Creating prefix script '/home/ubuntu/JK/ASU_Classes/MAE547/Project_ws/install/local_setup.bash'
[1.808s] INFO:colcon.colcon_core.shell:Creating prefix chain script '/home/ubuntu/JK/ASU_Classes/MAE547/Project_ws/install/setup.bash'
[1.819s] INFO:colcon.colcon_core.shell:Creating prefix script '/home/ubuntu/JK/ASU_Classes/MAE547/Project_ws/install/local_setup.zsh'
[1.820s] INFO:colcon.colcon_core.shell:Creating prefix chain script '/home/ubuntu/JK/ASU_Classes/MAE547/Project_ws/install/setup.zsh'
