[13.927s] Invoking command in '/home/ubuntu/JK/ASU_Classes/MAE547/Project_ws/src/robot_controls': PYTHONPATH=/home/ubuntu/JK/ASU_Classes/MAE547/Project_ws/build/robot_controls/prefix_override:/home/ubuntu/JK/ASU_Classes/MAE547/Project_ws/install/robot_controls/lib/python3.10/site-packages:${PYTHONPATH} /usr/bin/python3 setup.py egg_info --egg-base ../../build/robot_controls build --build-base /home/ubuntu/JK/ASU_Classes/MAE547/Project_ws/build/robot_controls/build install --record /home/ubuntu/JK/ASU_Classes/MAE547/Project_ws/build/robot_controls/install.log --single-version-externally-managed
[14.136s] running egg_info
[14.136s] writing ../../build/robot_controls/robot_controls.egg-info/PKG-INFO
[16.610s] writing dependency_links to ../../build/robot_controls/robot_controls.egg-info/dependency_links.txt
[16.611s] writing entry points to ../../build/robot_controls/robot_controls.egg-info/entry_points.txt
[16.611s] writing requirements to ../../build/robot_controls/robot_controls.egg-info/requires.txt
[16.611s] writing top-level names to ../../build/robot_controls/robot_controls.egg-info/top_level.txt
[16.615s] reading manifest file '../../build/robot_controls/robot_controls.egg-info/SOURCES.txt'
[16.725s] writing manifest file '../../build/robot_controls/robot_controls.egg-info/SOURCES.txt'
[16.725s] running build
[16.725s] running build_py
[17.984s] running install
[17.986s] running install_lib
[18.120s] running install_data
[18.122s] running install_egg_info
[18.126s] removing '/home/ubuntu/JK/ASU_Classes/MAE547/Project_ws/install/robot_controls/lib/python3.10/site-packages/robot_controls-0.0.0-py3.10.egg-info' (and everything under it)
[18.127s] Copying ../../build/robot_controls/robot_controls.egg-info to /home/ubuntu/JK/ASU_Classes/MAE547/Project_ws/install/robot_controls/lib/python3.10/site-packages/robot_controls-0.0.0-py3.10.egg-info
[18.450s] running install_scripts
[18.473s] writing list of installed files to '/home/ubuntu/JK/ASU_Classes/MAE547/Project_ws/build/robot_controls/install.log'
[18.492s] Invoked command in '/home/ubuntu/JK/ASU_Classes/MAE547/Project_ws/src/robot_controls' returned '0': PYTHONPATH=/home/ubuntu/JK/ASU_Classes/MAE547/Project_ws/build/robot_controls/prefix_override:/home/ubuntu/JK/ASU_Classes/MAE547/Project_ws/install/robot_controls/lib/python3.10/site-packages:${PYTHONPATH} /usr/bin/python3 setup.py egg_info --egg-base ../../build/robot_controls build --build-base /home/ubuntu/JK/ASU_Classes/MAE547/Project_ws/build/robot_controls/build install --record /home/ubuntu/JK/ASU_Classes/MAE547/Project_ws/build/robot_controls/install.log --single-version-externally-managed
